mode: atomic
github.com/scality/terraform-provider-scality-artesca/internal/validators/validators.go:25.60,27.2 1 2
github.com/scality/terraform-provider-scality-artesca/internal/validators/validators.go:29.70,31.2 1 1
github.com/scality/terraform-provider-scality-artesca/internal/validators/validators.go:33.117,34.61 1 14
github.com/scality/terraform-provider-scality-artesca/internal/validators/validators.go:34.61,36.3 1 2
github.com/scality/terraform-provider-scality-artesca/internal/validators/validators.go:37.2,38.36 2 12
github.com/scality/terraform-provider-scality-artesca/internal/validators/validators.go:38.36,42.3 2 2
github.com/scality/terraform-provider-scality-artesca/internal/validators/validators.go:43.2,43.41 1 10
github.com/scality/terraform-provider-scality-artesca/internal/validators/validators.go:43.41,46.3 1 4
github.com/scality/terraform-provider-scality-artesca/internal/validators/validators.go:52.59,54.2 1 2
github.com/scality/terraform-provider-scality-artesca/internal/validators/validators.go:56.69,58.2 1 1
github.com/scality/terraform-provider-scality-artesca/internal/validators/validators.go:60.116,61.61 1 16
github.com/scality/terraform-provider-scality-artesca/internal/validators/validators.go:61.61,63.3 1 2
github.com/scality/terraform-provider-scality-artesca/internal/validators/validators.go:64.2,65.35 2 14
github.com/scality/terraform-provider-scality-artesca/internal/validators/validators.go:65.35,69.3 2 2
github.com/scality/terraform-provider-scality-artesca/internal/validators/validators.go:70.2,70.40 1 12
github.com/scality/terraform-provider-scality-artesca/internal/validators/validators.go:70.40,73.3 1 6
github.com/scality/terraform-provider-scality-artesca/internal/validators/validators.go:82.56,84.2 1 4
github.com/scality/terraform-provider-scality-artesca/internal/validators/validators.go:86.66,88.2 1 2
github.com/scality/terraform-provider-scality-artesca/internal/validators/validators.go:90.113,91.61 1 16
github.com/scality/terraform-provider-scality-artesca/internal/validators/validators.go:91.61,93.3 1 0
github.com/scality/terraform-provider-scality-artesca/internal/validators/validators.go:94.2,95.44 2 16
github.com/scality/terraform-provider-scality-artesca/internal/validators/validators.go:95.44,99.3 2 4
github.com/scality/terraform-provider-scality-artesca/internal/validators/validators.go:100.2,100.37 1 12
github.com/scality/terraform-provider-scality-artesca/internal/validators/validators.go:100.37,103.3 1 4
github.com/scality/terraform-provider-scality-artesca/internal/validators/validators.go:107.28,109.2 1 2
github.com/scality/terraform-provider-scality-artesca/internal/validators/validators.go:112.30,114.2 1 2
github.com/scality/terraform-provider-scality-artesca/internal/validators/validators.go:119.54,121.2 1 2
github.com/scality/terraform-provider-scality-artesca/internal/validators/validators.go:123.64,125.2 1 1
github.com/scality/terraform-provider-scality-artesca/internal/validators/validators.go:127.111,128.61 1 10
github.com/scality/terraform-provider-scality-artesca/internal/validators/validators.go:128.61,130.3 1 2
github.com/scality/terraform-provider-scality-artesca/internal/validators/validators.go:131.2,132.15 2 8
github.com/scality/terraform-provider-scality-artesca/internal/validators/validators.go:132.15,134.3 1 1
github.com/scality/terraform-provider-scality-artesca/internal/validators/validators.go:135.2,136.16 2 7
github.com/scality/terraform-provider-scality-artesca/internal/validators/validators.go:136.16,139.3 1 4
github.com/scality/terraform-provider-scality-artesca/internal/validators/validators.go:145.57,147.2 1 2
github.com/scality/terraform-provider-scality-artesca/internal/validators/validators.go:149.67,151.2 1 1
github.com/scality/terraform-provider-scality-artesca/internal/validators/validators.go:153.114,154.61 1 18
github.com/scality/terraform-provider-scality-artesca/internal/validators/validators.go:154.61,156.3 1 2
github.com/scality/terraform-provider-scality-artesca/internal/validators/validators.go:157.2,158.15 2 16
github.com/scality/terraform-provider-scality-artesca/internal/validators/validators.go:158.15,161.3 2 1
github.com/scality/terraform-provider-scality-artesca/internal/validators/validators.go:163.2,163.29 1 15
github.com/scality/terraform-provider-scality-artesca/internal/validators/validators.go:163.29,165.3 1 5
github.com/scality/terraform-provider-scality-artesca/internal/validators/validators.go:167.2,168.24 2 10
github.com/scality/terraform-provider-scality-artesca/internal/validators/validators.go:168.24,172.3 2 1
github.com/scality/terraform-provider-scality-artesca/internal/validators/validators.go:174.2,175.29 2 9
github.com/scality/terraform-provider-scality-artesca/internal/validators/validators.go:175.29,176.39 1 15
github.com/scality/terraform-provider-scality-artesca/internal/validators/validators.go:176.39,180.4 2 1
github.com/scality/terraform-provider-scality-artesca/internal/validators/validators.go:181.3,181.44 1 14
github.com/scality/terraform-provider-scality-artesca/internal/validators/validators.go:181.44,185.4 2 3
github.com/scality/terraform-provider-scality-artesca/internal/validators/validators.go:192.61,194.2 1 2
github.com/scality/terraform-provider-scality-artesca/internal/validators/validators.go:196.71,198.2 1 1
github.com/scality/terraform-provider-scality-artesca/internal/validators/validators.go:200.118,201.61 1 8
github.com/scality/terraform-provider-scality-artesca/internal/validators/validators.go:201.61,203.3 1 2
github.com/scality/terraform-provider-scality-artesca/internal/validators/validators.go:204.2,205.30 2 6
github.com/scality/terraform-provider-scality-artesca/internal/validators/validators.go:205.30,208.3 1 3
github.com/scality/terraform-provider-scality-artesca/internal/resources/account/resource.go:28.45,30.2 1 1
github.com/scality/terraform-provider-scality-artesca/internal/resources/account/resource.go:32.118,34.2 1 0
github.com/scality/terraform-provider-scality-artesca/internal/resources/account/resource.go:36.110,99.2 1 1
github.com/scality/terraform-provider-scality-artesca/internal/resources/account/resource.go:101.121,102.29 1 0
github.com/scality/terraform-provider-scality-artesca/internal/resources/account/resource.go:102.29,104.3 1 0
github.com/scality/terraform-provider-scality-artesca/internal/resources/account/resource.go:105.2,106.9 2 0
github.com/scality/terraform-provider-scality-artesca/internal/resources/account/resource.go:106.9,112.3 2 0
github.com/scality/terraform-provider-scality-artesca/internal/resources/account/resource.go:113.2,113.36 1 0
github.com/scality/terraform-provider-scality-artesca/internal/resources/account/resource.go:116.114,119.33 3 0
github.com/scality/terraform-provider-scality-artesca/internal/resources/account/resource.go:119.33,121.3 1 0
github.com/scality/terraform-provider-scality-artesca/internal/resources/account/resource.go:123.2,126.16 3 0
github.com/scality/terraform-provider-scality-artesca/internal/resources/account/resource.go:126.16,129.3 2 0
github.com/scality/terraform-provider-scality-artesca/internal/resources/account/resource.go:131.2,135.33 3 0
github.com/scality/terraform-provider-scality-artesca/internal/resources/account/resource.go:135.33,137.3 1 0
github.com/scality/terraform-provider-scality-artesca/internal/resources/account/resource.go:140.2,140.67 1 0
github.com/scality/terraform-provider-scality-artesca/internal/resources/account/resource.go:140.67,142.17 2 0
github.com/scality/terraform-provider-scality-artesca/internal/resources/account/resource.go:142.17,146.4 2 0
github.com/scality/terraform-provider-scality-artesca/internal/resources/account/resource.go:147.3,147.30 1 0
github.com/scality/terraform-provider-scality-artesca/internal/resources/account/resource.go:147.30,149.4 1 0
github.com/scality/terraform-provider-scality-artesca/internal/resources/account/resource.go:150.3,150.30 1 0
github.com/scality/terraform-provider-scality-artesca/internal/resources/account/resource.go:150.30,152.4 1 0
github.com/scality/terraform-provider-scality-artesca/internal/resources/account/resource.go:153.3,153.57 1 0
github.com/scality/terraform-provider-scality-artesca/internal/resources/account/resource.go:158.108,161.33 3 0
github.com/scality/terraform-provider-scality-artesca/internal/resources/account/resource.go:161.33,163.3 1 0
github.com/scality/terraform-provider-scality-artesca/internal/resources/account/resource.go:165.2,166.16 2 0
github.com/scality/terraform-provider-scality-artesca/internal/resources/account/resource.go:166.16,169.3 2 0
github.com/scality/terraform-provider-scality-artesca/internal/resources/account/resource.go:170.2,170.17 1 0
github.com/scality/terraform-provider-scality-artesca/internal/resources/account/resource.go:170.17,173.3 2 0
github.com/scality/terraform-provider-scality-artesca/internal/resources/account/resource.go:176.2,182.69 4 0
github.com/scality/terraform-provider-scality-artesca/internal/resources/account/resource.go:182.69,184.3 1 0
github.com/scality/terraform-provider-scality-artesca/internal/resources/account/resource.go:185.2,185.69 1 0
github.com/scality/terraform-provider-scality-artesca/internal/resources/account/resource.go:185.69,187.3 1 0
github.com/scality/terraform-provider-scality-artesca/internal/resources/account/resource.go:189.2,189.57 1 0
github.com/scality/terraform-provider-scality-artesca/internal/resources/account/resource.go:192.114,198.33 3 0
github.com/scality/terraform-provider-scality-artesca/internal/resources/account/resource.go:198.33,200.3 1 0
github.com/scality/terraform-provider-scality-artesca/internal/resources/account/resource.go:203.2,205.33 3 0
github.com/scality/terraform-provider-scality-artesca/internal/resources/account/resource.go:205.33,207.3 1 0
github.com/scality/terraform-provider-scality-artesca/internal/resources/account/resource.go:209.2,215.56 6 0
github.com/scality/terraform-provider-scality-artesca/internal/resources/account/resource.go:218.114,221.33 3 0
github.com/scality/terraform-provider-scality-artesca/internal/resources/account/resource.go:221.33,223.3 1 0
github.com/scality/terraform-provider-scality-artesca/internal/resources/account/resource.go:225.2,228.16 3 0
github.com/scality/terraform-provider-scality-artesca/internal/resources/account/resource.go:228.16,231.3 2 0
github.com/scality/terraform-provider-scality-artesca/internal/resources/account/resource.go:234.129,236.2 1 0
github.com/scality/terraform-provider-scality-artesca/internal/resources/account/resource.go:238.69,239.28 1 0
github.com/scality/terraform-provider-scality-artesca/internal/resources/account/resource.go:239.28,241.3 1 0
github.com/scality/terraform-provider-scality-artesca/internal/resources/account/resource.go:241.8,241.32 1 0
github.com/scality/terraform-provider-scality-artesca/internal/resources/account/resource.go:241.32,243.3 1 0
github.com/scality/terraform-provider-scality-artesca/internal/resources/account/resource.go:245.2,245.22 1 0
github.com/scality/terraform-provider-scality-artesca/internal/resources/account/resource.go:245.22,247.3 1 0
github.com/scality/terraform-provider-scality-artesca/internal/resources/account/resource.go:248.2,248.26 1 0
github.com/scality/terraform-provider-scality-artesca/internal/resources/account/resource.go:248.26,250.3 1 0
github.com/scality/terraform-provider-scality-artesca/internal/resources/account/resource.go:251.2,251.26 1 0
github.com/scality/terraform-provider-scality-artesca/internal/resources/account/resource.go:251.26,253.3 1 0
github.com/scality/terraform-provider-scality-artesca/internal/resources/account/resource.go:254.2,254.20 1 0
github.com/scality/terraform-provider-scality-artesca/internal/resources/account/resource.go:254.20,256.3 1 0
github.com/scality/terraform-provider-scality-artesca/internal/resources/account/resource.go:257.2,257.28 1 0
github.com/scality/terraform-provider-scality-artesca/internal/resources/account/resource.go:257.28,259.3 1 0
github.com/scality/terraform-provider-scality-artesca/internal/resources/account/resource.go:260.2,260.19 1 0
github.com/scality/terraform-provider-scality-artesca/internal/resources/account/resource.go:260.19,262.3 1 0
github.com/scality/terraform-provider-scality-artesca/internal/resources/bucket/resource.go:24.44,26.2 1 3
github.com/scality/terraform-provider-scality-artesca/internal/resources/bucket/resource.go:28.117,30.2 1 1
github.com/scality/terraform-provider-scality-artesca/internal/resources/bucket/resource.go:32.109,65.2 1 2
github.com/scality/terraform-provider-scality-artesca/internal/resources/bucket/resource.go:67.120,68.29 1 0
github.com/scality/terraform-provider-scality-artesca/internal/resources/bucket/resource.go:68.29,70.3 1 0
github.com/scality/terraform-provider-scality-artesca/internal/resources/bucket/resource.go:71.2,72.9 2 0
github.com/scality/terraform-provider-scality-artesca/internal/resources/bucket/resource.go:72.9,78.3 2 0
github.com/scality/terraform-provider-scality-artesca/internal/resources/bucket/resource.go:79.2,79.28 1 0
github.com/scality/terraform-provider-scality-artesca/internal/resources/bucket/resource.go:79.28,85.3 2 0
github.com/scality/terraform-provider-scality-artesca/internal/resources/bucket/resource.go:86.2,86.30 1 0
github.com/scality/terraform-provider-scality-artesca/internal/resources/bucket/resource.go:89.113,92.33 3 0
github.com/scality/terraform-provider-scality-artesca/internal/resources/bucket/resource.go:92.33,94.3 1 0
github.com/scality/terraform-provider-scality-artesca/internal/resources/bucket/resource.go:96.2,107.16 7 0
github.com/scality/terraform-provider-scality-artesca/internal/resources/bucket/resource.go:107.16,110.3 2 0
github.com/scality/terraform-provider-scality-artesca/internal/resources/bucket/resource.go:112.2,112.56 1 0
github.com/scality/terraform-provider-scality-artesca/internal/resources/bucket/resource.go:115.107,118.33 3 0
github.com/scality/terraform-provider-scality-artesca/internal/resources/bucket/resource.go:118.33,120.3 1 0
github.com/scality/terraform-provider-scality-artesca/internal/resources/bucket/resource.go:122.2,127.16 5 0
github.com/scality/terraform-provider-scality-artesca/internal/resources/bucket/resource.go:127.16,130.3 2 0
github.com/scality/terraform-provider-scality-artesca/internal/resources/bucket/resource.go:131.2,131.13 1 0
github.com/scality/terraform-provider-scality-artesca/internal/resources/bucket/resource.go:131.13,134.3 2 0
github.com/scality/terraform-provider-scality-artesca/internal/resources/bucket/resource.go:136.2,136.40 1 0
github.com/scality/terraform-provider-scality-artesca/internal/resources/bucket/resource.go:136.40,138.17 2 0
github.com/scality/terraform-provider-scality-artesca/internal/resources/bucket/resource.go:138.17,141.4 2 0
github.com/scality/terraform-provider-scality-artesca/internal/resources/bucket/resource.go:142.3,142.16 1 0
github.com/scality/terraform-provider-scality-artesca/internal/resources/bucket/resource.go:142.16,144.4 1 0
github.com/scality/terraform-provider-scality-artesca/internal/resources/bucket/resource.go:147.2,147.57 1 0
github.com/scality/terraform-provider-scality-artesca/internal/resources/bucket/resource.go:150.113,153.33 3 0
github.com/scality/terraform-provider-scality-artesca/internal/resources/bucket/resource.go:153.33,155.3 1 0
github.com/scality/terraform-provider-scality-artesca/internal/resources/bucket/resource.go:157.2,157.56 1 0
github.com/scality/terraform-provider-scality-artesca/internal/resources/bucket/resource.go:160.113,163.33 3 0
github.com/scality/terraform-provider-scality-artesca/internal/resources/bucket/resource.go:163.33,165.3 1 0
github.com/scality/terraform-provider-scality-artesca/internal/resources/bucket/resource.go:167.2,174.16 6 0
github.com/scality/terraform-provider-scality-artesca/internal/resources/bucket/resource.go:174.16,177.3 2 0
github.com/scality/terraform-provider-scality-artesca/internal/resources/endpoint/resource.go:29.46,31.2 1 1
github.com/scality/terraform-provider-scality-artesca/internal/resources/endpoint/resource.go:33.119,35.2 1 0
github.com/scality/terraform-provider-scality-artesca/internal/resources/endpoint/resource.go:37.111,70.2 1 1
github.com/scality/terraform-provider-scality-artesca/internal/resources/endpoint/resource.go:72.122,73.29 1 0
github.com/scality/terraform-provider-scality-artesca/internal/resources/endpoint/resource.go:73.29,75.3 1 0
github.com/scality/terraform-provider-scality-artesca/internal/resources/endpoint/resource.go:76.2,77.9 2 0
github.com/scality/terraform-provider-scality-artesca/internal/resources/endpoint/resource.go:77.9,83.3 2 0
github.com/scality/terraform-provider-scality-artesca/internal/resources/endpoint/resource.go:84.2,84.36 1 0
github.com/scality/terraform-provider-scality-artesca/internal/resources/endpoint/resource.go:87.115,90.33 3 0
github.com/scality/terraform-provider-scality-artesca/internal/resources/endpoint/resource.go:90.33,92.3 1 0
github.com/scality/terraform-provider-scality-artesca/internal/resources/endpoint/resource.go:94.2,102.16 4 0
github.com/scality/terraform-provider-scality-artesca/internal/resources/endpoint/resource.go:102.16,105.3 2 0
github.com/scality/terraform-provider-scality-artesca/internal/resources/endpoint/resource.go:107.2,111.56 4 0
github.com/scality/terraform-provider-scality-artesca/internal/resources/endpoint/resource.go:114.109,117.33 3 0
github.com/scality/terraform-provider-scality-artesca/internal/resources/endpoint/resource.go:117.33,119.3 1 0
github.com/scality/terraform-provider-scality-artesca/internal/resources/endpoint/resource.go:121.2,122.16 2 0
github.com/scality/terraform-provider-scality-artesca/internal/resources/endpoint/resource.go:122.16,125.3 2 0
github.com/scality/terraform-provider-scality-artesca/internal/resources/endpoint/resource.go:126.2,126.15 1 0
github.com/scality/terraform-provider-scality-artesca/internal/resources/endpoint/resource.go:126.15,129.3 2 0
github.com/scality/terraform-provider-scality-artesca/internal/resources/endpoint/resource.go:131.2,135.57 4 0
github.com/scality/terraform-provider-scality-artesca/internal/resources/endpoint/resource.go:138.111,141.2 1 0
github.com/scality/terraform-provider-scality-artesca/internal/resources/endpoint/resource.go:143.115,146.33 3 0
github.com/scality/terraform-provider-scality-artesca/internal/resources/endpoint/resource.go:146.33,148.3 1 0
github.com/scality/terraform-provider-scality-artesca/internal/resources/endpoint/resource.go:150.2,153.16 3 0
github.com/scality/terraform-provider-scality-artesca/internal/resources/endpoint/resource.go:153.16,156.3 2 0
github.com/scality/terraform-provider-scality-artesca/internal/resources/endpoint/resource.go:159.130,161.2 1 0
github.com/scality/terraform-provider-scality-artesca/internal/resources/location/resource.go:31.46,33.2 1 1
github.com/scality/terraform-provider-scality-artesca/internal/resources/location/resource.go:35.119,37.2 1 0
github.com/scality/terraform-provider-scality-artesca/internal/resources/location/resource.go:39.111,223.2 1 1
github.com/scality/terraform-provider-scality-artesca/internal/resources/location/resource.go:225.122,226.29 1 0
github.com/scality/terraform-provider-scality-artesca/internal/resources/location/resource.go:226.29,228.3 1 0
github.com/scality/terraform-provider-scality-artesca/internal/resources/location/resource.go:229.2,230.9 2 0
github.com/scality/terraform-provider-scality-artesca/internal/resources/location/resource.go:230.9,236.3 2 0
github.com/scality/terraform-provider-scality-artesca/internal/resources/location/resource.go:237.2,237.36 1 0
github.com/scality/terraform-provider-scality-artesca/internal/resources/location/resource.go:240.115,243.33 3 0
github.com/scality/terraform-provider-scality-artesca/internal/resources/location/resource.go:243.33,245.3 1 0
github.com/scality/terraform-provider-scality-artesca/internal/resources/location/resource.go:247.2,252.25 4 0
github.com/scality/terraform-provider-scality-artesca/internal/resources/location/resource.go:252.25,255.3 2 0
github.com/scality/terraform-provider-scality-artesca/internal/resources/location/resource.go:257.2,258.16 2 0
github.com/scality/terraform-provider-scality-artesca/internal/resources/location/resource.go:258.16,261.3 2 0
github.com/scality/terraform-provider-scality-artesca/internal/resources/location/resource.go:263.2,265.25 2 0
github.com/scality/terraform-provider-scality-artesca/internal/resources/location/resource.go:265.25,266.60 1 0
github.com/scality/terraform-provider-scality-artesca/internal/resources/location/resource.go:266.60,268.4 1 0
github.com/scality/terraform-provider-scality-artesca/internal/resources/location/resource.go:269.3,269.58 1 0
github.com/scality/terraform-provider-scality-artesca/internal/resources/location/resource.go:269.58,271.4 1 0
github.com/scality/terraform-provider-scality-artesca/internal/resources/location/resource.go:274.2,274.56 1 0
github.com/scality/terraform-provider-scality-artesca/internal/resources/location/resource.go:277.109,280.33 3 0
github.com/scality/terraform-provider-scality-artesca/internal/resources/location/resource.go:280.33,282.3 1 0
github.com/scality/terraform-provider-scality-artesca/internal/resources/location/resource.go:284.2,285.26 2 0
github.com/scality/terraform-provider-scality-artesca/internal/resources/location/resource.go:285.26,288.3 2 0
github.com/scality/terraform-provider-scality-artesca/internal/resources/location/resource.go:290.2,291.16 2 0
github.com/scality/terraform-provider-scality-artesca/internal/resources/location/resource.go:291.16,294.3 2 0
github.com/scality/terraform-provider-scality-artesca/internal/resources/location/resource.go:295.2,295.16 1 0
github.com/scality/terraform-provider-scality-artesca/internal/resources/location/resource.go:295.16,298.3 2 0
github.com/scality/terraform-provider-scality-artesca/internal/resources/location/resource.go:300.2,302.26 2 0
github.com/scality/terraform-provider-scality-artesca/internal/resources/location/resource.go:302.26,303.62 1 0
github.com/scality/terraform-provider-scality-artesca/internal/resources/location/resource.go:303.62,305.4 1 0
github.com/scality/terraform-provider-scality-artesca/internal/resources/location/resource.go:306.3,306.60 1 0
github.com/scality/terraform-provider-scality-artesca/internal/resources/location/resource.go:306.60,308.4 1 0
github.com/scality/terraform-provider-scality-artesca/internal/resources/location/resource.go:311.2,311.57 1 0
github.com/scality/terraform-provider-scality-artesca/internal/resources/location/resource.go:314.115,317.33 3 0
github.com/scality/terraform-provider-scality-artesca/internal/resources/location/resource.go:317.33,319.3 1 0
github.com/scality/terraform-provider-scality-artesca/internal/resources/location/resource.go:321.2,326.16 4 0
github.com/scality/terraform-provider-scality-artesca/internal/resources/location/resource.go:326.16,329.3 2 0
github.com/scality/terraform-provider-scality-artesca/internal/resources/location/resource.go:331.2,332.56 2 0
github.com/scality/terraform-provider-scality-artesca/internal/resources/location/resource.go:335.115,338.33 3 0
github.com/scality/terraform-provider-scality-artesca/internal/resources/location/resource.go:338.33,340.3 1 0
github.com/scality/terraform-provider-scality-artesca/internal/resources/location/resource.go:342.2,345.16 3 0
github.com/scality/terraform-provider-scality-artesca/internal/resources/location/resource.go:345.16,348.3 2 0
github.com/scality/terraform-provider-scality-artesca/internal/resources/location/resource.go:351.130,353.2 1 0
github.com/scality/terraform-provider-scality-artesca/internal/resources/location/resource.go:357.93,365.67 2 0
github.com/scality/terraform-provider-scality-artesca/internal/resources/location/resource.go:365.67,367.3 1 0
github.com/scality/terraform-provider-scality-artesca/internal/resources/location/resource.go:369.2,369.26 1 0
github.com/scality/terraform-provider-scality-artesca/internal/resources/location/resource.go:369.26,371.3 1 0
github.com/scality/terraform-provider-scality-artesca/internal/resources/location/resource.go:373.2,373.12 1 0
github.com/scality/terraform-provider-scality-artesca/internal/resources/location/resource.go:376.94,379.55 2 0
github.com/scality/terraform-provider-scality-artesca/internal/resources/location/resource.go:379.55,381.3 1 0
github.com/scality/terraform-provider-scality-artesca/internal/resources/location/resource.go:382.2,382.55 1 0
github.com/scality/terraform-provider-scality-artesca/internal/resources/location/resource.go:382.55,384.3 1 0
github.com/scality/terraform-provider-scality-artesca/internal/resources/location/resource.go:385.2,385.57 1 0
github.com/scality/terraform-provider-scality-artesca/internal/resources/location/resource.go:385.57,387.3 1 0
github.com/scality/terraform-provider-scality-artesca/internal/resources/location/resource.go:388.2,388.59 1 0
github.com/scality/terraform-provider-scality-artesca/internal/resources/location/resource.go:388.59,391.3 2 0
github.com/scality/terraform-provider-scality-artesca/internal/resources/location/resource.go:392.2,392.53 1 0
github.com/scality/terraform-provider-scality-artesca/internal/resources/location/resource.go:392.53,394.3 1 0
github.com/scality/terraform-provider-scality-artesca/internal/resources/location/resource.go:395.2,395.49 1 0
github.com/scality/terraform-provider-scality-artesca/internal/resources/location/resource.go:395.49,397.3 1 0
github.com/scality/terraform-provider-scality-artesca/internal/resources/location/resource.go:398.2,398.77 1 0
github.com/scality/terraform-provider-scality-artesca/internal/resources/location/resource.go:398.77,401.3 2 0
github.com/scality/terraform-provider-scality-artesca/internal/resources/location/resource.go:402.2,402.61 1 0
github.com/scality/terraform-provider-scality-artesca/internal/resources/location/resource.go:402.61,404.3 1 0
github.com/scality/terraform-provider-scality-artesca/internal/resources/location/resource.go:405.2,405.63 1 0
github.com/scality/terraform-provider-scality-artesca/internal/resources/location/resource.go:405.63,407.3 1 0
github.com/scality/terraform-provider-scality-artesca/internal/resources/location/resource.go:408.2,408.53 1 0
github.com/scality/terraform-provider-scality-artesca/internal/resources/location/resource.go:408.53,410.3 1 0
github.com/scality/terraform-provider-scality-artesca/internal/resources/location/resource.go:411.2,411.53 1 0
github.com/scality/terraform-provider-scality-artesca/internal/resources/location/resource.go:411.53,413.3 1 0
github.com/scality/terraform-provider-scality-artesca/internal/resources/location/resource.go:414.2,414.57 1 0
github.com/scality/terraform-provider-scality-artesca/internal/resources/location/resource.go:414.57,416.3 1 0
github.com/scality/terraform-provider-scality-artesca/internal/resources/location/resource.go:417.2,417.65 1 0
github.com/scality/terraform-provider-scality-artesca/internal/resources/location/resource.go:417.65,419.3 1 0
github.com/scality/terraform-provider-scality-artesca/internal/resources/location/resource.go:420.2,420.63 1 0
github.com/scality/terraform-provider-scality-artesca/internal/resources/location/resource.go:420.63,422.3 1 0
github.com/scality/terraform-provider-scality-artesca/internal/resources/location/resource.go:423.2,423.73 1 0
github.com/scality/terraform-provider-scality-artesca/internal/resources/location/resource.go:423.73,425.3 1 0
github.com/scality/terraform-provider-scality-artesca/internal/resources/location/resource.go:426.2,426.77 1 0
github.com/scality/terraform-provider-scality-artesca/internal/resources/location/resource.go:426.77,428.3 1 0
github.com/scality/terraform-provider-scality-artesca/internal/resources/location/resource.go:429.2,429.45 1 0
github.com/scality/terraform-provider-scality-artesca/internal/resources/location/resource.go:429.45,431.3 1 0
github.com/scality/terraform-provider-scality-artesca/internal/resources/location/resource.go:432.2,432.55 1 0
github.com/scality/terraform-provider-scality-artesca/internal/resources/location/resource.go:432.55,434.3 1 0
github.com/scality/terraform-provider-scality-artesca/internal/resources/location/resource.go:435.2,435.53 1 0
github.com/scality/terraform-provider-scality-artesca/internal/resources/location/resource.go:435.53,438.3 2 0
github.com/scality/terraform-provider-scality-artesca/internal/resources/location/resource.go:439.2,439.59 1 0
github.com/scality/terraform-provider-scality-artesca/internal/resources/location/resource.go:439.59,442.3 2 0
github.com/scality/terraform-provider-scality-artesca/internal/resources/location/resource.go:443.2,443.55 1 0
github.com/scality/terraform-provider-scality-artesca/internal/resources/location/resource.go:443.55,446.3 2 0
github.com/scality/terraform-provider-scality-artesca/internal/resources/location/resource.go:447.2,447.59 1 0
github.com/scality/terraform-provider-scality-artesca/internal/resources/location/resource.go:447.59,449.3 1 0
github.com/scality/terraform-provider-scality-artesca/internal/resources/location/resource.go:450.2,450.61 1 0
github.com/scality/terraform-provider-scality-artesca/internal/resources/location/resource.go:450.61,452.3 1 0
github.com/scality/terraform-provider-scality-artesca/internal/resources/location/resource.go:454.2,454.49 1 0
github.com/scality/terraform-provider-scality-artesca/internal/resources/location/resource.go:454.49,456.76 2 0
github.com/scality/terraform-provider-scality-artesca/internal/resources/location/resource.go:456.76,458.4 1 0
github.com/scality/terraform-provider-scality-artesca/internal/resources/location/resource.go:460.2,460.63 1 0
github.com/scality/terraform-provider-scality-artesca/internal/resources/location/resource.go:460.63,462.89 2 0
github.com/scality/terraform-provider-scality-artesca/internal/resources/location/resource.go:462.89,464.4 1 0
github.com/scality/terraform-provider-scality-artesca/internal/resources/location/resource.go:467.2,467.16 1 0
github.com/scality/terraform-provider-scality-artesca/internal/resources/location/resource.go:470.98,477.24 6 0
github.com/scality/terraform-provider-scality-artesca/internal/resources/location/resource.go:477.24,479.3 1 0
github.com/scality/terraform-provider-scality-artesca/internal/resources/location/resource.go:481.2,481.25 1 0
github.com/scality/terraform-provider-scality-artesca/internal/resources/location/resource.go:481.25,483.3 1 0
github.com/scality/terraform-provider-scality-artesca/internal/resources/location/resource.go:485.2,485.24 1 0
github.com/scality/terraform-provider-scality-artesca/internal/resources/location/resource.go:485.24,486.27 1 0
github.com/scality/terraform-provider-scality-artesca/internal/resources/location/resource.go:486.27,488.4 1 0
github.com/scality/terraform-provider-scality-artesca/internal/resources/location/resource.go:489.3,489.53 1 0
github.com/scality/terraform-provider-scality-artesca/internal/resources/location/resource.go:493.101,497.62 1 0
github.com/scality/terraform-provider-scality-artesca/internal/resources/location/resource.go:497.62,498.38 1 0
github.com/scality/terraform-provider-scality-artesca/internal/resources/location/resource.go:498.38,500.4 1 0
github.com/scality/terraform-provider-scality-artesca/internal/resources/location/resource.go:503.2,506.26 3 0
github.com/scality/terraform-provider-scality-artesca/internal/resources/location/resource.go:506.26,508.3 1 0
github.com/scality/terraform-provider-scality-artesca/internal/resources/location/resource.go:509.2,511.35 3 0
github.com/scality/terraform-provider-scality-artesca/internal/resources/location/resource.go:511.35,513.3 1 0
github.com/scality/terraform-provider-scality-artesca/internal/resources/location/resource.go:514.2,527.23 13 0
github.com/scality/terraform-provider-scality-artesca/internal/resources/location/resource.go:527.23,529.3 1 0
github.com/scality/terraform-provider-scality-artesca/internal/resources/location/resource.go:530.2,530.26 1 0
github.com/scality/terraform-provider-scality-artesca/internal/resources/location/resource.go:530.26,532.3 1 0
github.com/scality/terraform-provider-scality-artesca/internal/resources/location/resource.go:533.2,533.24 1 0
github.com/scality/terraform-provider-scality-artesca/internal/resources/location/resource.go:533.24,535.3 1 0
github.com/scality/terraform-provider-scality-artesca/internal/resources/location/resource.go:537.2,537.23 1 0
github.com/scality/terraform-provider-scality-artesca/internal/resources/location/resource.go:537.23,540.3 2 0
github.com/scality/terraform-provider-scality-artesca/internal/resources/location/resource.go:541.2,541.30 1 0
github.com/scality/terraform-provider-scality-artesca/internal/resources/location/resource.go:541.30,544.3 2 0
github.com/scality/terraform-provider-scality-artesca/internal/resources/user_access_key/resource.go:24.51,26.2 1 1
github.com/scality/terraform-provider-scality-artesca/internal/resources/user_access_key/resource.go:28.124,30.2 1 0
github.com/scality/terraform-provider-scality-artesca/internal/resources/user_access_key/resource.go:32.116,86.2 1 1
github.com/scality/terraform-provider-scality-artesca/internal/resources/user_access_key/resource.go:88.127,89.29 1 0
github.com/scality/terraform-provider-scality-artesca/internal/resources/user_access_key/resource.go:89.29,91.3 1 0
github.com/scality/terraform-provider-scality-artesca/internal/resources/user_access_key/resource.go:93.2,94.9 2 0
github.com/scality/terraform-provider-scality-artesca/internal/resources/user_access_key/resource.go:94.9,100.3 2 0
github.com/scality/terraform-provider-scality-artesca/internal/resources/user_access_key/resource.go:101.2,101.32 1 0
github.com/scality/terraform-provider-scality-artesca/internal/resources/user_access_key/resource.go:104.120,107.33 3 0
github.com/scality/terraform-provider-scality-artesca/internal/resources/user_access_key/resource.go:107.33,109.3 1 0
github.com/scality/terraform-provider-scality-artesca/internal/resources/user_access_key/resource.go:111.2,120.16 3 0
github.com/scality/terraform-provider-scality-artesca/internal/resources/user_access_key/resource.go:120.16,123.3 2 0
github.com/scality/terraform-provider-scality-artesca/internal/resources/user_access_key/resource.go:125.2,129.56 4 0
github.com/scality/terraform-provider-scality-artesca/internal/resources/user_access_key/resource.go:132.114,135.33 3 0
github.com/scality/terraform-provider-scality-artesca/internal/resources/user_access_key/resource.go:135.33,137.3 1 0
github.com/scality/terraform-provider-scality-artesca/internal/resources/user_access_key/resource.go:139.2,144.16 2 0
github.com/scality/terraform-provider-scality-artesca/internal/resources/user_access_key/resource.go:144.16,147.3 2 0
github.com/scality/terraform-provider-scality-artesca/internal/resources/user_access_key/resource.go:150.2,151.25 2 0
github.com/scality/terraform-provider-scality-artesca/internal/resources/user_access_key/resource.go:151.25,152.55 1 0
github.com/scality/terraform-provider-scality-artesca/internal/resources/user_access_key/resource.go:152.55,155.9 3 0
github.com/scality/terraform-provider-scality-artesca/internal/resources/user_access_key/resource.go:159.2,159.12 1 0
github.com/scality/terraform-provider-scality-artesca/internal/resources/user_access_key/resource.go:159.12,162.3 2 0
github.com/scality/terraform-provider-scality-artesca/internal/resources/user_access_key/resource.go:165.2,165.57 1 0
github.com/scality/terraform-provider-scality-artesca/internal/resources/user_access_key/resource.go:168.116,171.2 1 0
github.com/scality/terraform-provider-scality-artesca/internal/resources/user_access_key/resource.go:173.120,176.33 3 0
github.com/scality/terraform-provider-scality-artesca/internal/resources/user_access_key/resource.go:176.33,178.3 1 0
github.com/scality/terraform-provider-scality-artesca/internal/resources/user_access_key/resource.go:180.2,191.16 3 0
github.com/scality/terraform-provider-scality-artesca/internal/resources/user_access_key/resource.go:191.16,194.3 2 0
github.com/scality/terraform-provider-scality-artesca/internal/resources/user/resource.go:28.42,30.2 1 1
github.com/scality/terraform-provider-scality-artesca/internal/resources/user/resource.go:32.115,34.2 1 0
github.com/scality/terraform-provider-scality-artesca/internal/resources/user/resource.go:36.107,89.2 1 1
github.com/scality/terraform-provider-scality-artesca/internal/resources/user/resource.go:91.118,92.29 1 0
github.com/scality/terraform-provider-scality-artesca/internal/resources/user/resource.go:92.29,94.3 1 0
github.com/scality/terraform-provider-scality-artesca/internal/resources/user/resource.go:96.2,97.9 2 0
github.com/scality/terraform-provider-scality-artesca/internal/resources/user/resource.go:97.9,103.3 2 0
github.com/scality/terraform-provider-scality-artesca/internal/resources/user/resource.go:104.2,104.32 1 0
github.com/scality/terraform-provider-scality-artesca/internal/resources/user/resource.go:107.111,110.33 3 0
github.com/scality/terraform-provider-scality-artesca/internal/resources/user/resource.go:110.33,112.3 1 0
github.com/scality/terraform-provider-scality-artesca/internal/resources/user/resource.go:114.2,121.16 6 0
github.com/scality/terraform-provider-scality-artesca/internal/resources/user/resource.go:121.16,124.3 2 0
github.com/scality/terraform-provider-scality-artesca/internal/resources/user/resource.go:126.2,130.56 4 0
github.com/scality/terraform-provider-scality-artesca/internal/resources/user/resource.go:133.105,136.33 3 0
github.com/scality/terraform-provider-scality-artesca/internal/resources/user/resource.go:136.33,138.3 1 0
github.com/scality/terraform-provider-scality-artesca/internal/resources/user/resource.go:140.2,145.16 5 0
github.com/scality/terraform-provider-scality-artesca/internal/resources/user/resource.go:145.16,148.3 2 0
github.com/scality/terraform-provider-scality-artesca/internal/resources/user/resource.go:149.2,149.17 1 0
github.com/scality/terraform-provider-scality-artesca/internal/resources/user/resource.go:149.17,152.3 2 0
github.com/scality/terraform-provider-scality-artesca/internal/resources/user/resource.go:154.2,158.57 4 0
github.com/scality/terraform-provider-scality-artesca/internal/resources/user/resource.go:161.107,164.2 1 0
github.com/scality/terraform-provider-scality-artesca/internal/resources/user/resource.go:166.111,169.33 3 0
github.com/scality/terraform-provider-scality-artesca/internal/resources/user/resource.go:169.33,171.3 1 0
github.com/scality/terraform-provider-scality-artesca/internal/resources/user/resource.go:173.2,180.16 6 0
github.com/scality/terraform-provider-scality-artesca/internal/resources/user/resource.go:180.16,183.3 2 0
github.com/scality/terraform-provider-scality-artesca/internal/resources/user/resource.go:186.126,188.2 1 0
github.com/scality/terraform-provider-scality-artesca/internal/resources/replication/resource.go:28.49,30.2 1 1
github.com/scality/terraform-provider-scality-artesca/internal/resources/replication/resource.go:32.122,34.2 1 0
github.com/scality/terraform-provider-scality-artesca/internal/resources/replication/resource.go:36.114,124.2 1 1
github.com/scality/terraform-provider-scality-artesca/internal/resources/replication/resource.go:126.125,127.29 1 0
github.com/scality/terraform-provider-scality-artesca/internal/resources/replication/resource.go:127.29,129.3 1 0
github.com/scality/terraform-provider-scality-artesca/internal/resources/replication/resource.go:130.2,131.9 2 0
github.com/scality/terraform-provider-scality-artesca/internal/resources/replication/resource.go:131.9,137.3 2 0
github.com/scality/terraform-provider-scality-artesca/internal/resources/replication/resource.go:138.2,138.36 1 0
github.com/scality/terraform-provider-scality-artesca/internal/resources/replication/resource.go:141.118,144.33 3 0
github.com/scality/terraform-provider-scality-artesca/internal/resources/replication/resource.go:144.33,146.3 1 0
github.com/scality/terraform-provider-scality-artesca/internal/resources/replication/resource.go:148.2,153.16 4 0
github.com/scality/terraform-provider-scality-artesca/internal/resources/replication/resource.go:153.16,156.3 2 0
github.com/scality/terraform-provider-scality-artesca/internal/resources/replication/resource.go:158.2,159.56 2 0
github.com/scality/terraform-provider-scality-artesca/internal/resources/replication/resource.go:162.112,165.33 3 0
github.com/scality/terraform-provider-scality-artesca/internal/resources/replication/resource.go:165.33,167.3 1 0
github.com/scality/terraform-provider-scality-artesca/internal/resources/replication/resource.go:169.2,170.16 2 0
github.com/scality/terraform-provider-scality-artesca/internal/resources/replication/resource.go:170.16,173.3 2 0
github.com/scality/terraform-provider-scality-artesca/internal/resources/replication/resource.go:174.2,174.19 1 0
github.com/scality/terraform-provider-scality-artesca/internal/resources/replication/resource.go:174.19,177.3 2 0
github.com/scality/terraform-provider-scality-artesca/internal/resources/replication/resource.go:179.2,180.57 2 0
github.com/scality/terraform-provider-scality-artesca/internal/resources/replication/resource.go:183.118,186.33 3 0
github.com/scality/terraform-provider-scality-artesca/internal/resources/replication/resource.go:186.33,188.3 1 0
github.com/scality/terraform-provider-scality-artesca/internal/resources/replication/resource.go:190.2,192.33 3 0
github.com/scality/terraform-provider-scality-artesca/internal/resources/replication/resource.go:192.33,194.3 1 0
github.com/scality/terraform-provider-scality-artesca/internal/resources/replication/resource.go:196.2,201.16 4 0
github.com/scality/terraform-provider-scality-artesca/internal/resources/replication/resource.go:201.16,204.3 2 0
github.com/scality/terraform-provider-scality-artesca/internal/resources/replication/resource.go:206.2,207.56 2 0
github.com/scality/terraform-provider-scality-artesca/internal/resources/replication/resource.go:210.118,213.33 3 0
github.com/scality/terraform-provider-scality-artesca/internal/resources/replication/resource.go:213.33,215.3 1 0
github.com/scality/terraform-provider-scality-artesca/internal/resources/replication/resource.go:217.2,220.16 3 0
github.com/scality/terraform-provider-scality-artesca/internal/resources/replication/resource.go:220.16,223.3 2 0
github.com/scality/terraform-provider-scality-artesca/internal/resources/replication/resource.go:226.133,228.2 1 0
github.com/scality/terraform-provider-scality-artesca/internal/resources/replication/resource.go:232.87,239.25 2 0
github.com/scality/terraform-provider-scality-artesca/internal/resources/replication/resource.go:239.25,244.76 2 0
github.com/scality/terraform-provider-scality-artesca/internal/resources/replication/resource.go:244.76,246.4 1 0
github.com/scality/terraform-provider-scality-artesca/internal/resources/replication/resource.go:249.2,249.30 1 0
github.com/scality/terraform-provider-scality-artesca/internal/resources/replication/resource.go:249.30,251.90 2 0
github.com/scality/terraform-provider-scality-artesca/internal/resources/replication/resource.go:251.90,253.4 1 0
github.com/scality/terraform-provider-scality-artesca/internal/resources/replication/resource.go:254.3,254.86 1 0
github.com/scality/terraform-provider-scality-artesca/internal/resources/replication/resource.go:254.86,256.4 1 0
github.com/scality/terraform-provider-scality-artesca/internal/resources/replication/resource.go:257.3,257.112 1 0
github.com/scality/terraform-provider-scality-artesca/internal/resources/replication/resource.go:257.112,259.4 1 0
github.com/scality/terraform-provider-scality-artesca/internal/resources/replication/resource.go:260.3,260.78 1 0
github.com/scality/terraform-provider-scality-artesca/internal/resources/replication/resource.go:260.78,262.4 1 0
github.com/scality/terraform-provider-scality-artesca/internal/resources/replication/resource.go:263.3,263.51 1 0
github.com/scality/terraform-provider-scality-artesca/internal/resources/replication/resource.go:263.51,267.67 2 0
github.com/scality/terraform-provider-scality-artesca/internal/resources/replication/resource.go:267.67,269.5 1 0
github.com/scality/terraform-provider-scality-artesca/internal/resources/replication/resource.go:270.4,270.75 1 0
github.com/scality/terraform-provider-scality-artesca/internal/resources/replication/resource.go:274.2,274.15 1 0
github.com/scality/terraform-provider-scality-artesca/internal/resources/replication/resource.go:277.95,283.26 5 0
github.com/scality/terraform-provider-scality-artesca/internal/resources/replication/resource.go:283.26,288.35 2 0
github.com/scality/terraform-provider-scality-artesca/internal/resources/replication/resource.go:288.35,290.4 1 0
github.com/scality/terraform-provider-scality-artesca/internal/resources/replication/resource.go:290.9,292.4 1 0
github.com/scality/terraform-provider-scality-artesca/internal/resources/replication/resource.go:295.2,295.31 1 0
github.com/scality/terraform-provider-scality-artesca/internal/resources/replication/resource.go:295.31,297.42 2 0
github.com/scality/terraform-provider-scality-artesca/internal/resources/replication/resource.go:297.42,299.4 1 0
github.com/scality/terraform-provider-scality-artesca/internal/resources/replication/resource.go:299.9,301.4 1 0
github.com/scality/terraform-provider-scality-artesca/internal/resources/replication/resource.go:302.3,302.40 1 0
github.com/scality/terraform-provider-scality-artesca/internal/resources/replication/resource.go:302.40,304.4 1 0
github.com/scality/terraform-provider-scality-artesca/internal/resources/replication/resource.go:304.9,306.4 1 0
github.com/scality/terraform-provider-scality-artesca/internal/resources/replication/resource.go:307.3,307.53 1 0
github.com/scality/terraform-provider-scality-artesca/internal/resources/replication/resource.go:307.53,309.4 1 0
github.com/scality/terraform-provider-scality-artesca/internal/resources/replication/resource.go:309.9,311.4 1 0
github.com/scality/terraform-provider-scality-artesca/internal/resources/replication/resource.go:312.3,312.36 1 0
github.com/scality/terraform-provider-scality-artesca/internal/resources/replication/resource.go:312.36,314.4 1 0
github.com/scality/terraform-provider-scality-artesca/internal/resources/replication/resource.go:314.9,316.4 1 0
github.com/scality/terraform-provider-scality-artesca/internal/resources/replication/resource.go:317.3,318.52 2 0
github.com/scality/terraform-provider-scality-artesca/internal/resources/replication/resource.go:318.52,322.30 2 0
github.com/scality/terraform-provider-scality-artesca/internal/resources/replication/resource.go:322.30,324.5 1 0
github.com/scality/terraform-provider-scality-artesca/internal/resources/replication/resource.go:324.10,326.5 1 0
github.com/scality/terraform-provider-scality-artesca/internal/resources/replication/resource.go:327.4,327.73 1 0
github.com/scality/terraform-provider-scality-artesca/internal/resources/workflow_expiration/resource.go:25.56,27.2 1 1
github.com/scality/terraform-provider-scality-artesca/internal/resources/workflow_expiration/resource.go:29.129,31.2 1 0
github.com/scality/terraform-provider-scality-artesca/internal/resources/workflow_expiration/resource.go:33.121,87.2 1 1
github.com/scality/terraform-provider-scality-artesca/internal/resources/workflow_expiration/resource.go:89.132,90.29 1 0
github.com/scality/terraform-provider-scality-artesca/internal/resources/workflow_expiration/resource.go:90.29,92.3 1 0
github.com/scality/terraform-provider-scality-artesca/internal/resources/workflow_expiration/resource.go:93.2,94.9 2 0
github.com/scality/terraform-provider-scality-artesca/internal/resources/workflow_expiration/resource.go:94.9,100.3 2 0
github.com/scality/terraform-provider-scality-artesca/internal/resources/workflow_expiration/resource.go:101.2,101.28 1 0
github.com/scality/terraform-provider-scality-artesca/internal/resources/workflow_expiration/resource.go:101.28,107.3 2 0
github.com/scality/terraform-provider-scality-artesca/internal/resources/workflow_expiration/resource.go:108.2,108.24 1 0
github.com/scality/terraform-provider-scality-artesca/internal/resources/workflow_expiration/resource.go:111.125,114.33 3 0
github.com/scality/terraform-provider-scality-artesca/internal/resources/workflow_expiration/resource.go:114.33,116.3 1 0
github.com/scality/terraform-provider-scality-artesca/internal/resources/workflow_expiration/resource.go:118.2,123.18 5 0
github.com/scality/terraform-provider-scality-artesca/internal/resources/workflow_expiration/resource.go:123.18,127.3 3 0
github.com/scality/terraform-provider-scality-artesca/internal/resources/workflow_expiration/resource.go:129.2,132.16 3 0
github.com/scality/terraform-provider-scality-artesca/internal/resources/workflow_expiration/resource.go:132.16,135.3 2 0
github.com/scality/terraform-provider-scality-artesca/internal/resources/workflow_expiration/resource.go:137.2,141.76 3 0
github.com/scality/terraform-provider-scality-artesca/internal/resources/workflow_expiration/resource.go:141.76,144.3 2 0
github.com/scality/terraform-provider-scality-artesca/internal/resources/workflow_expiration/resource.go:146.2,147.56 2 0
github.com/scality/terraform-provider-scality-artesca/internal/resources/workflow_expiration/resource.go:150.119,153.33 3 0
github.com/scality/terraform-provider-scality-artesca/internal/resources/workflow_expiration/resource.go:153.33,155.3 1 0
github.com/scality/terraform-provider-scality-artesca/internal/resources/workflow_expiration/resource.go:157.2,163.16 6 0
github.com/scality/terraform-provider-scality-artesca/internal/resources/workflow_expiration/resource.go:163.16,166.3 2 0
github.com/scality/terraform-provider-scality-artesca/internal/resources/workflow_expiration/resource.go:168.2,169.29 2 0
github.com/scality/terraform-provider-scality-artesca/internal/resources/workflow_expiration/resource.go:169.29,170.24 1 0
github.com/scality/terraform-provider-scality-artesca/internal/resources/workflow_expiration/resource.go:170.24,172.9 2 0
github.com/scality/terraform-provider-scality-artesca/internal/resources/workflow_expiration/resource.go:176.2,176.18 1 0
github.com/scality/terraform-provider-scality-artesca/internal/resources/workflow_expiration/resource.go:176.18,179.3 2 0
github.com/scality/terraform-provider-scality-artesca/internal/resources/workflow_expiration/resource.go:181.2,182.57 2 0
github.com/scality/terraform-provider-scality-artesca/internal/resources/workflow_expiration/resource.go:185.125,188.33 3 0
github.com/scality/terraform-provider-scality-artesca/internal/resources/workflow_expiration/resource.go:188.33,190.3 1 0
github.com/scality/terraform-provider-scality-artesca/internal/resources/workflow_expiration/resource.go:192.2,198.16 6 0
github.com/scality/terraform-provider-scality-artesca/internal/resources/workflow_expiration/resource.go:198.16,201.3 2 0
github.com/scality/terraform-provider-scality-artesca/internal/resources/workflow_expiration/resource.go:203.2,205.32 3 0
github.com/scality/terraform-provider-scality-artesca/internal/resources/workflow_expiration/resource.go:205.32,206.24 1 0
github.com/scality/terraform-provider-scality-artesca/internal/resources/workflow_expiration/resource.go:206.24,208.4 1 0
github.com/scality/terraform-provider-scality-artesca/internal/resources/workflow_expiration/resource.go:208.9,210.4 1 0
github.com/scality/terraform-provider-scality-artesca/internal/resources/workflow_expiration/resource.go:213.2,215.76 2 0
github.com/scality/terraform-provider-scality-artesca/internal/resources/workflow_expiration/resource.go:215.76,218.3 2 0
github.com/scality/terraform-provider-scality-artesca/internal/resources/workflow_expiration/resource.go:220.2,220.56 1 0
github.com/scality/terraform-provider-scality-artesca/internal/resources/workflow_expiration/resource.go:223.125,226.33 3 0
github.com/scality/terraform-provider-scality-artesca/internal/resources/workflow_expiration/resource.go:226.33,228.3 1 0
github.com/scality/terraform-provider-scality-artesca/internal/resources/workflow_expiration/resource.go:230.2,236.16 6 0
github.com/scality/terraform-provider-scality-artesca/internal/resources/workflow_expiration/resource.go:236.16,239.3 2 0
github.com/scality/terraform-provider-scality-artesca/internal/resources/workflow_expiration/resource.go:241.2,242.32 2 0
github.com/scality/terraform-provider-scality-artesca/internal/resources/workflow_expiration/resource.go:242.32,243.24 1 0
github.com/scality/terraform-provider-scality-artesca/internal/resources/workflow_expiration/resource.go:243.24,245.4 1 0
github.com/scality/terraform-provider-scality-artesca/internal/resources/workflow_expiration/resource.go:248.2,250.25 2 0
github.com/scality/terraform-provider-scality-artesca/internal/resources/workflow_expiration/resource.go:250.25,251.73 1 0
github.com/scality/terraform-provider-scality-artesca/internal/resources/workflow_expiration/resource.go:251.73,254.4 2 0
github.com/scality/terraform-provider-scality-artesca/internal/resources/workflow_expiration/resource.go:255.8,256.81 1 0
github.com/scality/terraform-provider-scality-artesca/internal/resources/workflow_expiration/resource.go:256.81,259.4 2 0
github.com/scality/terraform-provider-scality-artesca/internal/resources/workflow_expiration/resource.go:263.103,265.31 2 0
github.com/scality/terraform-provider-scality-artesca/internal/resources/workflow_expiration/resource.go:265.31,267.3 1 0
github.com/scality/terraform-provider-scality-artesca/internal/resources/workflow_expiration/resource.go:269.2,275.67 2 0
github.com/scality/terraform-provider-scality-artesca/internal/resources/workflow_expiration/resource.go:275.67,277.3 1 0
github.com/scality/terraform-provider-scality-artesca/internal/resources/workflow_expiration/resource.go:279.2,279.13 1 0
github.com/scality/terraform-provider-scality-artesca/internal/resources/workflow_expiration/resource.go:282.95,285.25 3 0
github.com/scality/terraform-provider-scality-artesca/internal/resources/workflow_expiration/resource.go:285.25,287.3 1 0
github.com/scality/terraform-provider-scality-artesca/internal/resources/user_policy/resource.go:23.48,25.2 1 1
github.com/scality/terraform-provider-scality-artesca/internal/resources/user_policy/resource.go:27.121,29.2 1 0
github.com/scality/terraform-provider-scality-artesca/internal/resources/user_policy/resource.go:31.113,80.2 1 1
github.com/scality/terraform-provider-scality-artesca/internal/resources/user_policy/resource.go:82.124,83.29 1 0
github.com/scality/terraform-provider-scality-artesca/internal/resources/user_policy/resource.go:83.29,85.3 1 0
github.com/scality/terraform-provider-scality-artesca/internal/resources/user_policy/resource.go:87.2,88.9 2 0
github.com/scality/terraform-provider-scality-artesca/internal/resources/user_policy/resource.go:88.9,94.3 2 0
github.com/scality/terraform-provider-scality-artesca/internal/resources/user_policy/resource.go:95.2,95.32 1 0
github.com/scality/terraform-provider-scality-artesca/internal/resources/user_policy/resource.go:98.117,101.33 3 0
github.com/scality/terraform-provider-scality-artesca/internal/resources/user_policy/resource.go:101.33,103.3 1 0
github.com/scality/terraform-provider-scality-artesca/internal/resources/user_policy/resource.go:105.2,117.16 3 0
github.com/scality/terraform-provider-scality-artesca/internal/resources/user_policy/resource.go:117.16,120.3 2 0
github.com/scality/terraform-provider-scality-artesca/internal/resources/user_policy/resource.go:122.2,122.56 1 0
github.com/scality/terraform-provider-scality-artesca/internal/resources/user_policy/resource.go:125.111,128.33 3 0
github.com/scality/terraform-provider-scality-artesca/internal/resources/user_policy/resource.go:128.33,130.3 1 0
github.com/scality/terraform-provider-scality-artesca/internal/resources/user_policy/resource.go:132.2,138.16 2 0
github.com/scality/terraform-provider-scality-artesca/internal/resources/user_policy/resource.go:138.16,141.3 2 0
github.com/scality/terraform-provider-scality-artesca/internal/resources/user_policy/resource.go:142.2,142.21 1 0
github.com/scality/terraform-provider-scality-artesca/internal/resources/user_policy/resource.go:142.21,145.3 2 0
github.com/scality/terraform-provider-scality-artesca/internal/resources/user_policy/resource.go:148.2,148.57 1 0
github.com/scality/terraform-provider-scality-artesca/internal/resources/user_policy/resource.go:151.117,155.33 3 0
github.com/scality/terraform-provider-scality-artesca/internal/resources/user_policy/resource.go:155.33,157.3 1 0
github.com/scality/terraform-provider-scality-artesca/internal/resources/user_policy/resource.go:159.2,171.16 3 0
github.com/scality/terraform-provider-scality-artesca/internal/resources/user_policy/resource.go:171.16,174.3 2 0
github.com/scality/terraform-provider-scality-artesca/internal/resources/user_policy/resource.go:176.2,176.56 1 0
github.com/scality/terraform-provider-scality-artesca/internal/resources/user_policy/resource.go:179.117,182.33 3 0
github.com/scality/terraform-provider-scality-artesca/internal/resources/user_policy/resource.go:182.33,184.3 1 0
github.com/scality/terraform-provider-scality-artesca/internal/resources/user_policy/resource.go:186.2,197.16 3 0
github.com/scality/terraform-provider-scality-artesca/internal/resources/user_policy/resource.go:197.16,200.3 2 0
github.com/scality/terraform-provider-scality-artesca/internal/client/iam.go:31.80,46.2 2 25
github.com/scality/terraform-provider-scality-artesca/internal/client/iam.go:50.67,52.16 2 6
github.com/scality/terraform-provider-scality-artesca/internal/client/iam.go:52.16,54.3 1 1
github.com/scality/terraform-provider-scality-artesca/internal/client/iam.go:56.2,59.45 3 5
github.com/scality/terraform-provider-scality-artesca/internal/client/iam.go:59.45,61.3 1 1
github.com/scality/terraform-provider-scality-artesca/internal/client/iam.go:63.2,64.16 2 4
github.com/scality/terraform-provider-scality-artesca/internal/client/iam.go:64.16,66.3 1 2
github.com/scality/terraform-provider-scality-artesca/internal/client/iam.go:68.2,70.24 3 4
github.com/scality/terraform-provider-scality-artesca/internal/client/iam.go:115.110,122.16 3 6
github.com/scality/terraform-provider-scality-artesca/internal/client/iam.go:122.16,124.3 1 2
github.com/scality/terraform-provider-scality-artesca/internal/client/iam.go:126.2,127.51 2 4
github.com/scality/terraform-provider-scality-artesca/internal/client/iam.go:127.51,129.3 1 0
github.com/scality/terraform-provider-scality-artesca/internal/client/iam.go:131.2,131.31 1 4
github.com/scality/terraform-provider-scality-artesca/internal/client/iam.go:134.107,141.16 3 3
github.com/scality/terraform-provider-scality-artesca/internal/client/iam.go:141.16,142.52 1 2
github.com/scality/terraform-provider-scality-artesca/internal/client/iam.go:142.52,144.4 1 1
github.com/scality/terraform-provider-scality-artesca/internal/client/iam.go:145.3,145.46 1 1
github.com/scality/terraform-provider-scality-artesca/internal/client/iam.go:148.2,149.51 2 1
github.com/scality/terraform-provider-scality-artesca/internal/client/iam.go:149.51,151.3 1 0
github.com/scality/terraform-provider-scality-artesca/internal/client/iam.go:153.2,153.31 1 1
github.com/scality/terraform-provider-scality-artesca/internal/client/iam.go:156.98,163.16 3 2
github.com/scality/terraform-provider-scality-artesca/internal/client/iam.go:163.16,165.3 1 1
github.com/scality/terraform-provider-scality-artesca/internal/client/iam.go:167.2,167.12 1 1
github.com/scality/terraform-provider-scality-artesca/internal/client/iam.go:170.129,180.16 3 2
github.com/scality/terraform-provider-scality-artesca/internal/client/iam.go:180.16,182.3 1 1
github.com/scality/terraform-provider-scality-artesca/internal/client/iam.go:184.2,184.12 1 1
github.com/scality/terraform-provider-scality-artesca/internal/client/iam.go:187.123,196.16 3 4
github.com/scality/terraform-provider-scality-artesca/internal/client/iam.go:196.16,197.52 1 2
github.com/scality/terraform-provider-scality-artesca/internal/client/iam.go:197.52,199.4 1 1
github.com/scality/terraform-provider-scality-artesca/internal/client/iam.go:200.3,200.52 1 1
github.com/scality/terraform-provider-scality-artesca/internal/client/iam.go:203.2,204.51 2 2
github.com/scality/terraform-provider-scality-artesca/internal/client/iam.go:204.51,206.3 1 0
github.com/scality/terraform-provider-scality-artesca/internal/client/iam.go:209.2,210.16 2 2
github.com/scality/terraform-provider-scality-artesca/internal/client/iam.go:210.16,212.3 1 1
github.com/scality/terraform-provider-scality-artesca/internal/client/iam.go:214.2,214.21 1 1
github.com/scality/terraform-provider-scality-artesca/internal/client/iam.go:217.116,226.16 3 2
github.com/scality/terraform-provider-scality-artesca/internal/client/iam.go:226.16,228.3 1 1
github.com/scality/terraform-provider-scality-artesca/internal/client/iam.go:230.2,230.12 1 1
github.com/scality/terraform-provider-scality-artesca/internal/client/iam.go:262.120,269.16 3 2
github.com/scality/terraform-provider-scality-artesca/internal/client/iam.go:269.16,271.3 1 1
github.com/scality/terraform-provider-scality-artesca/internal/client/iam.go:273.2,274.51 2 1
github.com/scality/terraform-provider-scality-artesca/internal/client/iam.go:274.51,276.3 1 0
github.com/scality/terraform-provider-scality-artesca/internal/client/iam.go:278.2,278.36 1 1
github.com/scality/terraform-provider-scality-artesca/internal/client/iam.go:281.128,288.16 3 2
github.com/scality/terraform-provider-scality-artesca/internal/client/iam.go:288.16,290.3 1 1
github.com/scality/terraform-provider-scality-artesca/internal/client/iam.go:292.2,293.51 2 1
github.com/scality/terraform-provider-scality-artesca/internal/client/iam.go:293.51,295.3 1 0
github.com/scality/terraform-provider-scality-artesca/internal/client/iam.go:297.2,297.43 1 1
github.com/scality/terraform-provider-scality-artesca/internal/client/iam.go:300.130,309.16 3 2
github.com/scality/terraform-provider-scality-artesca/internal/client/iam.go:309.16,311.3 1 1
github.com/scality/terraform-provider-scality-artesca/internal/client/iam.go:313.2,313.12 1 1
github.com/scality/terraform-provider-scality-artesca/internal/client/iam.go:318.122,320.16 2 25
github.com/scality/terraform-provider-scality-artesca/internal/client/iam.go:320.16,322.3 1 0
github.com/scality/terraform-provider-scality-artesca/internal/client/iam.go:325.2,369.16 19 25
github.com/scality/terraform-provider-scality-artesca/internal/client/iam.go:369.16,371.3 1 0
github.com/scality/terraform-provider-scality-artesca/internal/client/iam.go:373.2,379.16 6 25
github.com/scality/terraform-provider-scality-artesca/internal/client/iam.go:379.16,381.3 1 0
github.com/scality/terraform-provider-scality-artesca/internal/client/iam.go:382.2,385.16 3 25
github.com/scality/terraform-provider-scality-artesca/internal/client/iam.go:385.16,387.3 1 0
github.com/scality/terraform-provider-scality-artesca/internal/client/iam.go:389.2,389.28 1 25
github.com/scality/terraform-provider-scality-artesca/internal/client/iam.go:389.28,391.91 2 12
github.com/scality/terraform-provider-scality-artesca/internal/client/iam.go:391.91,393.4 1 11
github.com/scality/terraform-provider-scality-artesca/internal/client/iam.go:394.3,394.98 1 1
github.com/scality/terraform-provider-scality-artesca/internal/client/iam.go:397.2,397.22 1 13
github.com/scality/terraform-provider-scality-artesca/internal/client/management.go:30.127,46.2 2 58
github.com/scality/terraform-provider-scality-artesca/internal/client/management.go:48.111,50.17 2 58
github.com/scality/terraform-provider-scality-artesca/internal/client/management.go:50.17,52.17 2 26
github.com/scality/terraform-provider-scality-artesca/internal/client/management.go:52.17,54.4 1 0
github.com/scality/terraform-provider-scality-artesca/internal/client/management.go:55.3,55.38 1 26
github.com/scality/terraform-provider-scality-artesca/internal/client/management.go:58.2,60.16 3 58
github.com/scality/terraform-provider-scality-artesca/internal/client/management.go:60.16,62.3 1 0
github.com/scality/terraform-provider-scality-artesca/internal/client/management.go:64.2,65.16 2 58
github.com/scality/terraform-provider-scality-artesca/internal/client/management.go:65.16,67.3 1 0
github.com/scality/terraform-provider-scality-artesca/internal/client/management.go:69.2,74.16 5 58
github.com/scality/terraform-provider-scality-artesca/internal/client/management.go:74.16,76.3 1 0
github.com/scality/terraform-provider-scality-artesca/internal/client/management.go:77.2,80.16 3 58
github.com/scality/terraform-provider-scality-artesca/internal/client/management.go:80.16,82.3 1 0
github.com/scality/terraform-provider-scality-artesca/internal/client/management.go:84.2,84.39 1 58
github.com/scality/terraform-provider-scality-artesca/internal/client/management.go:87.84,90.16 3 12
github.com/scality/terraform-provider-scality-artesca/internal/client/management.go:90.16,92.3 1 0
github.com/scality/terraform-provider-scality-artesca/internal/client/management.go:93.2,93.29 1 12
github.com/scality/terraform-provider-scality-artesca/internal/client/management.go:93.29,95.3 1 1
github.com/scality/terraform-provider-scality-artesca/internal/client/management.go:97.2,98.55 2 11
github.com/scality/terraform-provider-scality-artesca/internal/client/management.go:98.55,100.3 1 0
github.com/scality/terraform-provider-scality-artesca/internal/client/management.go:102.2,102.22 1 11
github.com/scality/terraform-provider-scality-artesca/internal/client/management_account.go:11.88,13.16 2 3
github.com/scality/terraform-provider-scality-artesca/internal/client/management_account.go:13.16,15.3 1 0
github.com/scality/terraform-provider-scality-artesca/internal/client/management_account.go:17.2,17.37 1 3
github.com/scality/terraform-provider-scality-artesca/internal/client/management_account.go:17.37,18.56 1 3
github.com/scality/terraform-provider-scality-artesca/internal/client/management_account.go:18.56,20.4 1 2
github.com/scality/terraform-provider-scality-artesca/internal/client/management_account.go:23.2,23.17 1 1
github.com/scality/terraform-provider-scality-artesca/internal/client/management_account.go:31.102,38.16 4 2
github.com/scality/terraform-provider-scality-artesca/internal/client/management_account.go:38.16,40.3 1 0
github.com/scality/terraform-provider-scality-artesca/internal/client/management_account.go:41.2,41.61 1 2
github.com/scality/terraform-provider-scality-artesca/internal/client/management_account.go:41.61,43.3 1 1
github.com/scality/terraform-provider-scality-artesca/internal/client/management_account.go:45.2,46.52 2 1
github.com/scality/terraform-provider-scality-artesca/internal/client/management_account.go:46.52,48.3 1 0
github.com/scality/terraform-provider-scality-artesca/internal/client/management_account.go:50.2,50.19 1 1
github.com/scality/terraform-provider-scality-artesca/internal/client/management_account.go:53.89,59.16 3 3
github.com/scality/terraform-provider-scality-artesca/internal/client/management_account.go:59.16,61.3 1 0
github.com/scality/terraform-provider-scality-artesca/internal/client/management_account.go:62.2,62.63 1 3
github.com/scality/terraform-provider-scality-artesca/internal/client/management_account.go:62.63,64.3 1 1
github.com/scality/terraform-provider-scality-artesca/internal/client/management_account.go:66.2,66.12 1 2
github.com/scality/terraform-provider-scality-artesca/internal/client/management_account.go:69.103,72.16 3 2
github.com/scality/terraform-provider-scality-artesca/internal/client/management_account.go:72.16,74.3 1 0
github.com/scality/terraform-provider-scality-artesca/internal/client/management_account.go:75.2,75.61 1 2
github.com/scality/terraform-provider-scality-artesca/internal/client/management_account.go:75.61,77.3 1 1
github.com/scality/terraform-provider-scality-artesca/internal/client/management_account.go:79.2,80.52 2 1
github.com/scality/terraform-provider-scality-artesca/internal/client/management_account.go:80.52,82.3 1 0
github.com/scality/terraform-provider-scality-artesca/internal/client/management_account.go:84.2,84.19 1 1
github.com/scality/terraform-provider-scality-artesca/internal/client/management_endpoint.go:11.97,13.16 2 2
github.com/scality/terraform-provider-scality-artesca/internal/client/management_endpoint.go:13.16,15.3 1 0
github.com/scality/terraform-provider-scality-artesca/internal/client/management_endpoint.go:17.2,17.39 1 2
github.com/scality/terraform-provider-scality-artesca/internal/client/management_endpoint.go:17.39,18.30 1 2
github.com/scality/terraform-provider-scality-artesca/internal/client/management_endpoint.go:18.30,20.4 1 1
github.com/scality/terraform-provider-scality-artesca/internal/client/management_endpoint.go:23.2,23.17 1 1
github.com/scality/terraform-provider-scality-artesca/internal/client/management_endpoint.go:26.97,29.16 3 2
github.com/scality/terraform-provider-scality-artesca/internal/client/management_endpoint.go:29.16,31.3 1 0
github.com/scality/terraform-provider-scality-artesca/internal/client/management_endpoint.go:32.2,32.61 1 2
github.com/scality/terraform-provider-scality-artesca/internal/client/management_endpoint.go:32.61,34.3 1 1
github.com/scality/terraform-provider-scality-artesca/internal/client/management_endpoint.go:36.2,37.55 2 1
github.com/scality/terraform-provider-scality-artesca/internal/client/management_endpoint.go:37.55,39.3 1 0
github.com/scality/terraform-provider-scality-artesca/internal/client/management_endpoint.go:41.2,41.22 1 1
github.com/scality/terraform-provider-scality-artesca/internal/client/management_endpoint.go:44.87,47.16 3 2
github.com/scality/terraform-provider-scality-artesca/internal/client/management_endpoint.go:47.16,49.3 1 0
github.com/scality/terraform-provider-scality-artesca/internal/client/management_endpoint.go:50.2,50.63 1 2
github.com/scality/terraform-provider-scality-artesca/internal/client/management_endpoint.go:50.63,52.3 1 1
github.com/scality/terraform-provider-scality-artesca/internal/client/management_endpoint.go:54.2,54.12 1 1
github.com/scality/terraform-provider-scality-artesca/internal/client/management_location.go:11.93,13.16 2 2
github.com/scality/terraform-provider-scality-artesca/internal/client/management_location.go:13.16,15.3 1 0
github.com/scality/terraform-provider-scality-artesca/internal/client/management_location.go:17.2,18.9 2 2
github.com/scality/terraform-provider-scality-artesca/internal/client/management_location.go:18.9,20.3 1 1
github.com/scality/terraform-provider-scality-artesca/internal/client/management_location.go:22.2,22.18 1 1
github.com/scality/terraform-provider-scality-artesca/internal/client/management_location.go:25.98,28.16 3 2
github.com/scality/terraform-provider-scality-artesca/internal/client/management_location.go:28.16,30.3 1 0
github.com/scality/terraform-provider-scality-artesca/internal/client/management_location.go:31.2,31.61 1 2
github.com/scality/terraform-provider-scality-artesca/internal/client/management_location.go:31.61,33.3 1 1
github.com/scality/terraform-provider-scality-artesca/internal/client/management_location.go:35.2,36.55 2 1
github.com/scality/terraform-provider-scality-artesca/internal/client/management_location.go:36.55,38.3 1 0
github.com/scality/terraform-provider-scality-artesca/internal/client/management_location.go:40.2,40.22 1 1
github.com/scality/terraform-provider-scality-artesca/internal/client/management_location.go:43.111,46.16 3 2
github.com/scality/terraform-provider-scality-artesca/internal/client/management_location.go:46.16,48.3 1 0
github.com/scality/terraform-provider-scality-artesca/internal/client/management_location.go:49.2,49.29 1 2
github.com/scality/terraform-provider-scality-artesca/internal/client/management_location.go:49.29,51.3 1 1
github.com/scality/terraform-provider-scality-artesca/internal/client/management_location.go:53.2,54.55 2 1
github.com/scality/terraform-provider-scality-artesca/internal/client/management_location.go:54.55,56.3 1 0
github.com/scality/terraform-provider-scality-artesca/internal/client/management_location.go:58.2,58.22 1 1
github.com/scality/terraform-provider-scality-artesca/internal/client/management_location.go:61.83,64.16 3 2
github.com/scality/terraform-provider-scality-artesca/internal/client/management_location.go:64.16,66.3 1 0
github.com/scality/terraform-provider-scality-artesca/internal/client/management_location.go:67.2,67.63 1 2
github.com/scality/terraform-provider-scality-artesca/internal/client/management_location.go:67.63,69.3 1 1
github.com/scality/terraform-provider-scality-artesca/internal/client/management_location.go:71.2,71.12 1 1
github.com/scality/terraform-provider-scality-artesca/internal/client/management_replication.go:11.115,13.16 2 2
github.com/scality/terraform-provider-scality-artesca/internal/client/management_replication.go:13.16,15.3 1 0
github.com/scality/terraform-provider-scality-artesca/internal/client/management_replication.go:17.2,17.48 1 2
github.com/scality/terraform-provider-scality-artesca/internal/client/management_replication.go:17.48,18.30 1 2
github.com/scality/terraform-provider-scality-artesca/internal/client/management_replication.go:18.30,20.4 1 1
github.com/scality/terraform-provider-scality-artesca/internal/client/management_replication.go:23.2,23.17 1 1
github.com/scality/terraform-provider-scality-artesca/internal/client/management_replication.go:26.128,29.16 3 2
github.com/scality/terraform-provider-scality-artesca/internal/client/management_replication.go:29.16,31.3 1 0
github.com/scality/terraform-provider-scality-artesca/internal/client/management_replication.go:32.2,32.61 1 2
github.com/scality/terraform-provider-scality-artesca/internal/client/management_replication.go:32.61,34.3 1 1
github.com/scality/terraform-provider-scality-artesca/internal/client/management_replication.go:36.2,37.55 2 1
github.com/scality/terraform-provider-scality-artesca/internal/client/management_replication.go:37.55,39.3 1 0
github.com/scality/terraform-provider-scality-artesca/internal/client/management_replication.go:41.2,41.22 1 1
github.com/scality/terraform-provider-scality-artesca/internal/client/management_replication.go:44.145,47.16 3 2
github.com/scality/terraform-provider-scality-artesca/internal/client/management_replication.go:47.16,49.3 1 0
github.com/scality/terraform-provider-scality-artesca/internal/client/management_replication.go:50.2,50.29 1 2
github.com/scality/terraform-provider-scality-artesca/internal/client/management_replication.go:50.29,52.3 1 1
github.com/scality/terraform-provider-scality-artesca/internal/client/management_replication.go:54.2,55.55 2 1
github.com/scality/terraform-provider-scality-artesca/internal/client/management_replication.go:55.55,57.3 1 0
github.com/scality/terraform-provider-scality-artesca/internal/client/management_replication.go:59.2,59.22 1 1
github.com/scality/terraform-provider-scality-artesca/internal/client/management_replication.go:62.96,65.16 3 2
github.com/scality/terraform-provider-scality-artesca/internal/client/management_replication.go:65.16,67.3 1 0
github.com/scality/terraform-provider-scality-artesca/internal/client/management_replication.go:68.2,68.63 1 2
github.com/scality/terraform-provider-scality-artesca/internal/client/management_replication.go:68.63,70.3 1 1
github.com/scality/terraform-provider-scality-artesca/internal/client/management_replication.go:72.2,72.12 1 1
github.com/scality/terraform-provider-scality-artesca/internal/client/management_workflow.go:13.187,16.16 3 3
github.com/scality/terraform-provider-scality-artesca/internal/client/management_workflow.go:16.16,18.3 1 0
github.com/scality/terraform-provider-scality-artesca/internal/client/management_workflow.go:19.2,19.61 1 3
github.com/scality/terraform-provider-scality-artesca/internal/client/management_workflow.go:19.61,21.3 1 1
github.com/scality/terraform-provider-scality-artesca/internal/client/management_workflow.go:23.2,24.55 2 2
github.com/scality/terraform-provider-scality-artesca/internal/client/management_workflow.go:24.55,26.3 1 0
github.com/scality/terraform-provider-scality-artesca/internal/client/management_workflow.go:28.2,28.22 1 2
github.com/scality/terraform-provider-scality-artesca/internal/client/management_workflow.go:31.199,34.16 3 2
github.com/scality/terraform-provider-scality-artesca/internal/client/management_workflow.go:34.16,36.3 1 0
github.com/scality/terraform-provider-scality-artesca/internal/client/management_workflow.go:37.2,37.29 1 2
github.com/scality/terraform-provider-scality-artesca/internal/client/management_workflow.go:37.29,39.3 1 1
github.com/scality/terraform-provider-scality-artesca/internal/client/management_workflow.go:41.2,42.55 2 1
github.com/scality/terraform-provider-scality-artesca/internal/client/management_workflow.go:42.55,44.3 1 0
github.com/scality/terraform-provider-scality-artesca/internal/client/management_workflow.go:46.2,46.22 1 1
github.com/scality/terraform-provider-scality-artesca/internal/client/management_workflow.go:49.140,52.16 3 2
github.com/scality/terraform-provider-scality-artesca/internal/client/management_workflow.go:52.16,54.3 1 0
github.com/scality/terraform-provider-scality-artesca/internal/client/management_workflow.go:55.2,55.63 1 2
github.com/scality/terraform-provider-scality-artesca/internal/client/management_workflow.go:55.63,57.3 1 1
github.com/scality/terraform-provider-scality-artesca/internal/client/management_workflow.go:59.2,59.12 1 1
github.com/scality/terraform-provider-scality-artesca/internal/client/management_workflow.go:64.187,67.16 3 2
github.com/scality/terraform-provider-scality-artesca/internal/client/management_workflow.go:67.16,69.3 1 0
github.com/scality/terraform-provider-scality-artesca/internal/client/management_workflow.go:70.2,70.61 1 2
github.com/scality/terraform-provider-scality-artesca/internal/client/management_workflow.go:70.61,72.3 1 1
github.com/scality/terraform-provider-scality-artesca/internal/client/management_workflow.go:74.2,75.55 2 1
github.com/scality/terraform-provider-scality-artesca/internal/client/management_workflow.go:75.55,77.3 1 0
github.com/scality/terraform-provider-scality-artesca/internal/client/management_workflow.go:79.2,79.22 1 1
github.com/scality/terraform-provider-scality-artesca/internal/client/management_workflow.go:82.199,85.16 3 2
github.com/scality/terraform-provider-scality-artesca/internal/client/management_workflow.go:85.16,87.3 1 0
github.com/scality/terraform-provider-scality-artesca/internal/client/management_workflow.go:88.2,88.29 1 2
github.com/scality/terraform-provider-scality-artesca/internal/client/management_workflow.go:88.29,90.3 1 1
github.com/scality/terraform-provider-scality-artesca/internal/client/management_workflow.go:92.2,93.55 2 1
github.com/scality/terraform-provider-scality-artesca/internal/client/management_workflow.go:93.55,95.3 1 0
github.com/scality/terraform-provider-scality-artesca/internal/client/management_workflow.go:97.2,97.22 1 1
github.com/scality/terraform-provider-scality-artesca/internal/client/management_workflow.go:100.140,103.16 3 2
github.com/scality/terraform-provider-scality-artesca/internal/client/management_workflow.go:103.16,105.3 1 0
github.com/scality/terraform-provider-scality-artesca/internal/client/management_workflow.go:106.2,106.63 1 2
github.com/scality/terraform-provider-scality-artesca/internal/client/management_workflow.go:106.63,108.3 1 1
github.com/scality/terraform-provider-scality-artesca/internal/client/management_workflow.go:110.2,110.12 1 1
[...]
github.com/scality/terraform-provider-scality-artesca/internal/resources/workflow_replication/resource.go:160.2,160.36 1 0
github.com/scality/terraform-provider-scality-artesca/internal/resources/workflow_replication/resource.go:163.126,166.33 3 0
github.com/scality/terraform-provider-scality-artesca/internal/resources/workflow_replication/resource.go:166.33,168.3 1 0
github.com/scality/terraform-provider-scality-artesca/internal/resources/workflow_replication/resource.go:170.2,182.16 7 0
github.com/scality/terraform-provider-scality-artesca/internal/resources/workflow_replication/resource.go:182.16,185.3 2 0
github.com/scality/terraform-provider-scality-artesca/internal/resources/workflow_replication/resource.go:187.2,189.56 3 0
github.com/scality/terraform-provider-scality-artesca/internal/resources/workflow_replication/resource.go:192.120,195.33 3 0
github.com/scality/terraform-provider-scality-artesca/internal/resources/workflow_replication/resource.go:195.33,197.3 1 0
github.com/scality/terraform-provider-scality-artesca/internal/resources/workflow_replication/resource.go:200.2,200.57 1 0
github.com/scality/terraform-provider-scality-artesca/internal/resources/workflow_replication/resource.go:203.126,206.33 3 0
github.com/scality/terraform-provider-scality-artesca/internal/resources/workflow_replication/resource.go:206.33,208.3 1 0
github.com/scality/terraform-provider-scality-artesca/internal/resources/workflow_replication/resource.go:210.2,212.33 3 0
github.com/scality/terraform-provider-scality-artesca/internal/resources/workflow_replication/resource.go:212.33,214.3 1 0
github.com/scality/terraform-provider-scality-artesca/internal/resources/workflow_replication/resource.go:216.2,226.16 8 0
github.com/scality/terraform-provider-scality-artesca/internal/resources/workflow_replication/resource.go:226.16,229.3 2 0
github.com/scality/terraform-provider-scality-artesca/internal/resources/workflow_replication/resource.go:231.2,233.56 3 0
github.com/scality/terraform-provider-scality-artesca/internal/resources/workflow_replication/resource.go:236.126,239.33 3 0
github.com/scality/terraform-provider-scality-artesca/internal/resources/workflow_replication/resource.go:239.33,241.3 1 0
github.com/scality/terraform-provider-scality-artesca/internal/resources/workflow_replication/resource.go:243.2,251.16 7 0
github.com/scality/terraform-provider-scality-artesca/internal/resources/workflow_replication/resource.go:251.16,254.3 2 0
github.com/scality/terraform-provider-scality-artesca/internal/resources/workflow_replication/resource.go:257.105,258.105 1 0
github.com/scality/terraform-provider-scality-artesca/internal/resources/workflow_replication/resource.go:258.105,260.3 1 0
github.com/scality/terraform-provider-scality-artesca/internal/resources/workflow_replication/resource.go:261.2,261.28 1 0
github.com/scality/terraform-provider-scality-artesca/internal/resources/workflow_replication/resource.go:266.95,273.25 2 0
github.com/scality/terraform-provider-scality-artesca/internal/resources/workflow_replication/resource.go:273.25,278.76 2 0
github.com/scality/terraform-provider-scality-artesca/internal/resources/workflow_replication/resource.go:278.76,280.4 1 0
github.com/scality/terraform-provider-scality-artesca/internal/resources/workflow_replication/resource.go:283.2,283.30 1 0
github.com/scality/terraform-provider-scality-artesca/internal/resources/workflow_replication/resource.go:283.30,285.90 2 0
github.com/scality/terraform-provider-scality-artesca/internal/resources/workflow_replication/resource.go:285.90,287.4 1 0
github.com/scality/terraform-provider-scality-artesca/internal/resources/workflow_replication/resource.go:288.3,288.86 1 0
github.com/scality/terraform-provider-scality-artesca/internal/resources/workflow_replication/resource.go:288.86,290.4 1 0
github.com/scality/terraform-provider-scality-artesca/internal/resources/workflow_replication/resource.go:291.3,291.112 1 0
github.com/scality/terraform-provider-scality-artesca/internal/resources/workflow_replication/resource.go:291.112,293.4 1 0
github.com/scality/terraform-provider-scality-artesca/internal/resources/workflow_replication/resource.go:294.3,294.78 1 0
github.com/scality/terraform-provider-scality-artesca/internal/resources/workflow_replication/resource.go:294.78,296.4 1 0
github.com/scality/terraform-provider-scality-artesca/internal/resources/workflow_replication/resource.go:297.3,297.51 1 0
github.com/scality/terraform-provider-scality-artesca/internal/resources/workflow_replication/resource.go:297.51,301.67 2 0
github.com/scality/terraform-provider-scality-artesca/internal/resources/workflow_replication/resource.go:301.67,303.5 1 0
github.com/scality/terraform-provider-scality-artesca/internal/resources/workflow_replication/resource.go:304.4,304.80 1 0
github.com/scality/terraform-provider-scality-artesca/internal/resources/workflow_replication/resource.go:308.2,308.15 1 0
github.com/scality/terraform-provider-scality-artesca/internal/resources/workflow_replication/resource.go:311.103,312.27 1 0
github.com/scality/terraform-provider-scality-artesca/internal/resources/workflow_replication/resource.go:312.27,314.3 1 0
github.com/scality/terraform-provider-scality-artesca/internal/resources/workflow_replication/resource.go:315.2,319.26 4 0
github.com/scality/terraform-provider-scality-artesca/internal/resources/workflow_replication/resource.go:319.26,324.35 2 0
github.com/scality/terraform-provider-scality-artesca/internal/resources/workflow_replication/resource.go:324.35,326.4 1 0
github.com/scality/terraform-provider-scality-artesca/internal/resources/workflow_replication/resource.go:326.9,328.4 1 0
github.com/scality/terraform-provider-scality-artesca/internal/resources/workflow_replication/resource.go:331.2,331.31 1 0
github.com/scality/terraform-provider-scality-artesca/internal/resources/workflow_replication/resource.go:331.31,333.42 2 0
github.com/scality/terraform-provider-scality-artesca/internal/resources/workflow_replication/resource.go:333.42,335.4 1 0
github.com/scality/terraform-provider-scality-artesca/internal/resources/workflow_replication/resource.go:335.9,337.4 1 0
github.com/scality/terraform-provider-scality-artesca/internal/resources/workflow_replication/resource.go:338.3,338.40 1 0
github.com/scality/terraform-provider-scality-artesca/internal/resources/workflow_replication/resource.go:338.40,340.4 1 0
github.com/scality/terraform-provider-scality-artesca/internal/resources/workflow_replication/resource.go:340.9,342.4 1 0
github.com/scality/terraform-provider-scality-artesca/internal/resources/workflow_replication/resource.go:343.3,343.53 1 0
github.com/scality/terraform-provider-scality-artesca/internal/resources/workflow_replication/resource.go:343.53,345.4 1 0
github.com/scality/terraform-provider-scality-artesca/internal/resources/workflow_replication/resource.go:345.9,347.4 1 0
github.com/scality/terraform-provider-scality-artesca/internal/resources/workflow_replication/resource.go:348.3,348.36 1 0
github.com/scality/terraform-provider-scality-artesca/internal/resources/workflow_replication/resource.go:348.36,350.4 1 0
github.com/scality/terraform-provider-scality-artesca/internal/resources/workflow_replication/resource.go:350.9,352.4 1 0
github.com/scality/terraform-provider-scality-artesca/internal/resources/workflow_replication/resource.go:353.3,353.44 1 0
github.com/scality/terraform-provider-scality-artesca/internal/resources/workflow_replication/resource.go:353.44,355.53 2 0
github.com/scality/terraform-provider-scality-artesca/internal/resources/workflow_replication/resource.go:355.53,359.31 2 0
github.com/scality/terraform-provider-scality-artesca/internal/resources/workflow_replication/resource.go:359.31,361.6 1 0
github.com/scality/terraform-provider-scality-artesca/internal/resources/workflow_replication/resource.go:361.11,363.6 1 0
github.com/scality/terraform-provider-scality-artesca/internal/resources/workflow_transition/resource.go:25.56,27.2 1 1
github.com/scality/terraform-provider-scality-artesca/internal/resources/workflow_transition/resource.go:29.129,31.2 1 0
github.com/scality/terraform-provider-scality-artesca/internal/resources/workflow_transition/resource.go:33.121,91.2 1 1
github.com/scality/terraform-provider-scality-artesca/internal/resources/workflow_transition/resource.go:93.132,94.29 1 0
github.com/scality/terraform-provider-scality-artesca/internal/resources/workflow_transition/resource.go:94.29,96.3 1 0
github.com/scality/terraform-provider-scality-artesca/internal/resources/workflow_transition/resource.go:97.2,98.9 2 0
github.com/scality/terraform-provider-scality-artesca/internal/resources/workflow_transition/resource.go:98.9,104.3 2 0
github.com/scality/terraform-provider-scality-artesca/internal/resources/workflow_transition/resource.go:105.2,105.28 1 0
github.com/scality/terraform-provider-scality-artesca/internal/resources/workflow_transition/resource.go:105.28,111.3 2 0
github.com/scality/terraform-provider-scality-artesca/internal/resources/workflow_transition/resource.go:112.2,112.24 1 0
github.com/scality/terraform-provider-scality-artesca/internal/resources/workflow_transition/resource.go:115.125,118.33 3 0
github.com/scality/terraform-provider-scality-artesca/internal/resources/workflow_transition/resource.go:118.33,120.3 1 0
github.com/scality/terraform-provider-scality-artesca/internal/resources/workflow_transition/resource.go:122.2,127.18 5 0
github.com/scality/terraform-provider-scality-artesca/internal/resources/workflow_transition/resource.go:127.18,131.3 3 0
github.com/scality/terraform-provider-scality-artesca/internal/resources/workflow_transition/resource.go:133.2,136.16 3 0
github.com/scality/terraform-provider-scality-artesca/internal/resources/workflow_transition/resource.go:136.16,139.3 2 0
github.com/scality/terraform-provider-scality-artesca/internal/resources/workflow_transition/resource.go:141.2,145.76 3 0
github.com/scality/terraform-provider-scality-artesca/internal/resources/workflow_transition/resource.go:145.76,148.3 2 0
github.com/scality/terraform-provider-scality-artesca/internal/resources/workflow_transition/resource.go:150.2,151.56 2 0
github.com/scality/terraform-provider-scality-artesca/internal/resources/workflow_transition/resource.go:154.119,157.33 3 0
github.com/scality/terraform-provider-scality-artesca/internal/resources/workflow_transition/resource.go:157.33,159.3 1 0
github.com/scality/terraform-provider-scality-artesca/internal/resources/workflow_transition/resource.go:161.2,167.16 6 0
github.com/scality/terraform-provider-scality-artesca/internal/resources/workflow_transition/resource.go:167.16,170.3 2 0
github.com/scality/terraform-provider-scality-artesca/internal/resources/workflow_transition/resource.go:172.2,173.29 2 0
github.com/scality/terraform-provider-scality-artesca/internal/resources/workflow_transition/resource.go:173.29,174.24 1 0
github.com/scality/terraform-provider-scality-artesca/internal/resources/workflow_transition/resource.go:174.24,176.9 2 0
github.com/scality/terraform-provider-scality-artesca/internal/resources/workflow_transition/resource.go:180.2,180.18 1 0
github.com/scality/terraform-provider-scality-artesca/internal/resources/workflow_transition/resource.go:180.18,183.3 2 0
github.com/scality/terraform-provider-scality-artesca/internal/resources/workflow_transition/resource.go:185.2,186.57 2 0
github.com/scality/terraform-provider-scality-artesca/internal/resources/workflow_transition/resource.go:189.125,192.33 3 0
github.com/scality/terraform-provider-scality-artesca/internal/resources/workflow_transition/resource.go:192.33,194.3 1 0
github.com/scality/terraform-provider-scality-artesca/internal/resources/workflow_transition/resource.go:196.2,202.16 6 0
github.com/scality/terraform-provider-scality-artesca/internal/resources/workflow_transition/resource.go:202.16,205.3 2 0
github.com/scality/terraform-provider-scality-artesca/internal/resources/workflow_transition/resource.go:207.2,209.32 3 0
github.com/scality/terraform-provider-scality-artesca/internal/resources/workflow_transition/resource.go:209.32,210.24 1 0
github.com/scality/terraform-provider-scality-artesca/internal/resources/workflow_transition/resource.go:210.24,212.4 1 0
github.com/scality/terraform-provider-scality-artesca/internal/resources/workflow_transition/resource.go:212.9,214.4 1 0
github.com/scality/terraform-provider-scality-artesca/internal/resources/workflow_transition/resource.go:217.2,219.76 2 0
github.com/scality/terraform-provider-scality-artesca/internal/resources/workflow_transition/resource.go:219.76,222.3 2 0
github.com/scality/terraform-provider-scality-artesca/internal/resources/workflow_transition/resource.go:224.2,224.56 1 0
github.com/scality/terraform-provider-scality-artesca/internal/resources/workflow_transition/resource.go:227.125,230.33 3 0
github.com/scality/terraform-provider-scality-artesca/internal/resources/workflow_transition/resource.go:230.33,232.3 1 0
github.com/scality/terraform-provider-scality-artesca/internal/resources/workflow_transition/resource.go:234.2,240.16 6 0
github.com/scality/terraform-provider-scality-artesca/internal/resources/workflow_transition/resource.go:240.16,243.3 2 0
github.com/scality/terraform-provider-scality-artesca/internal/resources/workflow_transition/resource.go:245.2,246.32 2 0
github.com/scality/terraform-provider-scality-artesca/internal/resources/workflow_transition/resource.go:246.32,247.24 1 0
github.com/scality/terraform-provider-scality-artesca/internal/resources/workflow_transition/resource.go:247.24,249.4 1 0
github.com/scality/terraform-provider-scality-artesca/internal/resources/workflow_transition/resource.go:252.2,254.25 2 0
github.com/scality/terraform-provider-scality-artesca/internal/resources/workflow_transition/resource.go:254.25,255.73 1 0
github.com/scality/terraform-provider-scality-artesca/internal/resources/workflow_transition/resource.go:255.73,258.4 2 0
github.com/scality/terraform-provider-scality-artesca/internal/resources/workflow_transition/resource.go:259.8,260.81 1 0
github.com/scality/terraform-provider-scality-artesca/internal/resources/workflow_transition/resource.go:260.81,263.4 2 0
github.com/scality/terraform-provider-scality-artesca/internal/resources/workflow_transition/resource.go:267.103,269.31 2 0
github.com/scality/terraform-provider-scality-artesca/internal/resources/workflow_transition/resource.go:269.31,271.3 1 0
github.com/scality/terraform-provider-scality-artesca/internal/resources/workflow_transition/resource.go:273.2,280.67 2 0
github.com/scality/terraform-provider-scality-artesca/internal/resources/workflow_transition/resource.go:280.67,282.3 1 0
github.com/scality/terraform-provider-scality-artesca/internal/resources/workflow_transition/resource.go:284.2,284.13 1 0
github.com/scality/terraform-provider-scality-artesca/internal/resources/workflow_transition/resource.go:287.95,291.25 4 0
github.com/scality/terraform-provider-scality-artesca/internal/resources/workflow_transition/resource.go:291.25,293.3 1 0
github.com/scality/terraform-provider-scality-artesca/internal/provider/provider.go:47.51,48.34 1 0
github.com/scality/terraform-provider-scality-artesca/internal/provider/provider.go:48.34,52.3 1 0
github.com/scality/terraform-provider-scality-artesca/internal/provider/provider.go:55.116,58.2 2 0
github.com/scality/terraform-provider-scality-artesca/internal/provider/provider.go:60.110,107.2 1 0
github.com/scality/terraform-provider-scality-artesca/internal/provider/provider.go:109.123,112.33 3 0
github.com/scality/terraform-provider-scality-artesca/internal/provider/provider.go:112.33,114.3 1 0
github.com/scality/terraform-provider-scality-artesca/internal/provider/provider.go:116.2,122.21 7 0
github.com/scality/terraform-provider-scality-artesca/internal/provider/provider.go:122.21,124.3 1 0
github.com/scality/terraform-provider-scality-artesca/internal/provider/provider.go:125.2,131.83 6 0
github.com/scality/terraform-provider-scality-artesca/internal/provider/provider.go:131.83,133.3 1 0
github.com/scality/terraform-provider-scality-artesca/internal/provider/provider.go:133.8,133.84 1 0
github.com/scality/terraform-provider-scality-artesca/internal/provider/provider.go:133.84,135.3 1 0
github.com/scality/terraform-provider-scality-artesca/internal/provider/provider.go:137.2,137.30 1 0
github.com/scality/terraform-provider-scality-artesca/internal/provider/provider.go:137.30,142.3 1 0
github.com/scality/terraform-provider-scality-artesca/internal/provider/provider.go:143.2,143.19 1 0
github.com/scality/terraform-provider-scality-artesca/internal/provider/provider.go:143.19,148.3 1 0
github.com/scality/terraform-provider-scality-artesca/internal/provider/provider.go:149.2,149.20 1 0
github.com/scality/terraform-provider-scality-artesca/internal/provider/provider.go:149.20,154.3 1 0
github.com/scality/terraform-provider-scality-artesca/internal/provider/provider.go:155.2,155.20 1 0
github.com/scality/terraform-provider-scality-artesca/internal/provider/provider.go:155.20,160.3 1 0
github.com/scality/terraform-provider-scality-artesca/internal/provider/provider.go:161.2,161.33 1 0
github.com/scality/terraform-provider-scality-artesca/internal/provider/provider.go:161.33,163.3 1 0
github.com/scality/terraform-provider-scality-artesca/internal/provider/provider.go:165.2,176.16 4 0
github.com/scality/terraform-provider-scality-artesca/internal/provider/provider.go:176.16,182.3 2 0
github.com/scality/terraform-provider-scality-artesca/internal/provider/provider.go:184.2,187.22 2 0
github.com/scality/terraform-provider-scality-artesca/internal/provider/provider.go:187.22,190.17 3 0
github.com/scality/terraform-provider-scality-artesca/internal/provider/provider.go:190.17,196.4 2 0
github.com/scality/terraform-provider-scality-artesca/internal/provider/provider.go:197.3,197.28 1 0
github.com/scality/terraform-provider-scality-artesca/internal/provider/provider.go:197.28,203.4 2 0
github.com/scality/terraform-provider-scality-artesca/internal/provider/provider.go:204.3,204.27 1 0
github.com/scality/terraform-provider-scality-artesca/internal/provider/provider.go:204.27,210.4 2 0
github.com/scality/terraform-provider-scality-artesca/internal/provider/provider.go:211.3,214.5 2 0
github.com/scality/terraform-provider-scality-artesca/internal/provider/provider.go:218.2,219.16 2 0
github.com/scality/terraform-provider-scality-artesca/internal/provider/provider.go:219.16,225.3 2 0
github.com/scality/terraform-provider-scality-artesca/internal/provider/provider.go:226.2,231.22 4 0
github.com/scality/terraform-provider-scality-artesca/internal/provider/provider.go:231.22,234.3 2 0
github.com/scality/terraform-provider-scality-artesca/internal/provider/provider.go:236.2,243.31 3 0
github.com/scality/terraform-provider-scality-artesca/internal/provider/provider.go:246.83,260.2 1 0
github.com/scality/terraform-provider-scality-artesca/internal/provider/provider.go:262.89,264.2 1 0
github.com/scality/terraform-provider-scality-artesca/internal/provider/provider.go:266.57,267.39 1 0
github.com/scality/terraform-provider-scality-artesca/internal/provider/provider.go:267.39,269.3 1 0
github.com/scality/terraform-provider-scality-artesca/internal/provider/provider.go:270.2,270.26 1 0
github.com/scality/terraform-provider-scality-artesca/internal/provider/provider.go:273.71,274.39 1 0
github.com/scality/terraform-provider-scality-artesca/internal/provider/provider.go:274.39,276.3 1 0
github.com/scality/terraform-provider-scality-artesca/internal/provider/provider.go:277.2,277.37 1 0
github.com/scality/terraform-provider-scality-artesca/internal/provider/provider.go:277.37,279.3 1 0
github.com/scality/terraform-provider-scality-artesca/internal/provider/provider.go:280.2,280.19 1 0
github.com/scality/terraform-provider-scality-artesca/main.go:14.13,25.16 6 0
github.com/scality/terraform-provider-scality-artesca/main.go:25.16,27.3 1 0
