mode: atomic
github.com/scality/terraform-provider-scality-artesca/internal/client/iam.go:33.80,48.2 2 25
github.com/scality/terraform-provider-scality-artesca/internal/client/iam.go:52.67,54.16 2 6
github.com/scality/terraform-provider-scality-artesca/internal/client/iam.go:54.16,56.3 1 1
github.com/scality/terraform-provider-scality-artesca/internal/client/iam.go:58.2,61.45 3 5
github.com/scality/terraform-provider-scality-artesca/internal/client/iam.go:61.45,63.3 1 1
github.com/scality/terraform-provider-scality-artesca/internal/client/iam.go:65.2,66.16 2 4
github.com/scality/terraform-provider-scality-artesca/internal/client/iam.go:66.16,68.3 1 2
github.com/scality/terraform-provider-scality-artesca/internal/client/iam.go:70.2,72.24 3 4
github.com/scality/terraform-provider-scality-artesca/internal/client/iam.go:117.110,124.16 3 6
github.com/scality/terraform-provider-scality-artesca/internal/client/iam.go:124.16,126.3 1 2
github.com/scality/terraform-provider-scality-artesca/internal/client/iam.go:128.2,129.51 2 4
github.com/scality/terraform-provider-scality-artesca/internal/client/iam.go:129.51,131.3 1 0
github.com/scality/terraform-provider-scality-artesca/internal/client/iam.go:133.2,133.31 1 4
github.com/scality/terraform-provider-scality-artesca/internal/client/iam.go:136.107,143.16 3 3
github.com/scality/terraform-provider-scality-artesca/internal/client/iam.go:143.16,144.52 1 2
github.com/scality/terraform-provider-scality-artesca/internal/client/iam.go:144.52,146.4 1 1
github.com/scality/terraform-provider-scality-artesca/internal/client/iam.go:147.3,147.46 1 1
github.com/scality/terraform-provider-scality-artesca/internal/client/iam.go:150.2,151.51 2 1
github.com/scality/terraform-provider-scality-artesca/internal/client/iam.go:151.51,153.3 1 0
github.com/scality/terraform-provider-scality-artesca/internal/client/iam.go:155.2,155.31 1 1
github.com/scality/terraform-provider-scality-artesca/internal/client/iam.go:158.98,165.16 3 2
github.com/scality/terraform-provider-scality-artesca/internal/client/iam.go:165.16,167.3 1 1
github.com/scality/terraform-provider-scality-artesca/internal/client/iam.go:169.2,169.12 1 1
github.com/scality/terraform-provider-scality-artesca/internal/client/iam.go:172.129,182.16 3 2
github.com/scality/terraform-provider-scality-artesca/internal/client/iam.go:182.16,184.3 1 1
github.com/scality/terraform-provider-scality-artesca/internal/client/iam.go:186.2,186.12 1 1
github.com/scality/terraform-provider-scality-artesca/internal/client/iam.go:189.123,198.16 3 4
github.com/scality/terraform-provider-scality-artesca/internal/client/iam.go:198.16,199.52 1 2
github.com/scality/terraform-provider-scality-artesca/internal/client/iam.go:199.52,201.4 1 1
github.com/scality/terraform-provider-scality-artesca/internal/client/iam.go:202.3,202.52 1 1
github.com/scality/terraform-provider-scality-artesca/internal/client/iam.go:205.2,206.51 2 2
github.com/scality/terraform-provider-scality-artesca/internal/client/iam.go:206.51,208.3 1 0
github.com/scality/terraform-provider-scality-artesca/internal/client/iam.go:211.2,212.16 2 2
github.com/scality/terraform-provider-scality-artesca/internal/client/iam.go:212.16,214.3 1 1
github.com/scality/terraform-provider-scality-artesca/internal/client/iam.go:216.2,216.21 1 1
github.com/scality/terraform-provider-scality-artesca/internal/client/iam.go:219.116,228.16 3 2
github.com/scality/terraform-provider-scality-artesca/internal/client/iam.go:228.16,230.3 1 1
github.com/scality/terraform-provider-scality-artesca/internal/client/iam.go:232.2,232.12 1 1
github.com/scality/terraform-provider-scality-artesca/internal/client/iam.go:264.120,271.16 3 2
github.com/scality/terraform-provider-scality-artesca/internal/client/iam.go:271.16,273.3 1 1
github.com/scality/terraform-provider-scality-artesca/internal/client/iam.go:275.2,276.51 2 1
github.com/scality/terraform-provider-scality-artesca/internal/client/iam.go:276.51,278.3 1 0
github.com/scality/terraform-provider-scality-artesca/internal/client/iam.go:280.2,280.36 1 1
github.com/scality/terraform-provider-scality-artesca/internal/client/iam.go:283.128,290.16 3 2
github.com/scality/terraform-provider-scality-artesca/internal/client/iam.go:290.16,292.3 1 1
github.com/scality/terraform-provider-scality-artesca/internal/client/iam.go:294.2,295.51 2 1
github.com/scality/terraform-provider-scality-artesca/internal/client/iam.go:295.51,297.3 1 0
github.com/scality/terraform-provider-scality-artesca/internal/client/iam.go:299.2,299.43 1 1
github.com/scality/terraform-provider-scality-artesca/internal/client/iam.go:302.130,311.16 3 2
github.com/scality/terraform-provider-scality-artesca/internal/client/iam.go:311.16,313.3 1 1
github.com/scality/terraform-provider-scality-artesca/internal/client/iam.go:315.2,315.12 1 1
github.com/scality/terraform-provider-scality-artesca/internal/client/iam.go:320.122,322.16 2 25
github.com/scality/terraform-provider-scality-artesca/internal/client/iam.go:322.16,324.3 1 0
github.com/scality/terraform-provider-scality-artesca/internal/client/iam.go:327.2,371.16 19 25
github.com/scality/terraform-provider-scality-artesca/internal/client/iam.go:371.16,373.3 1 0
github.com/scality/terraform-provider-scality-artesca/internal/client/iam.go:375.2,381.16 6 25
github.com/scality/terraform-provider-scality-artesca/internal/client/iam.go:381.16,383.3 1 0
github.com/scality/terraform-provider-scality-artesca/internal/client/iam.go:384.2,387.16 3 25
github.com/scality/terraform-provider-scality-artesca/internal/client/iam.go:387.16,389.3 1 0
github.com/scality/terraform-provider-scality-artesca/internal/client/iam.go:391.2,391.28 1 25
github.com/scality/terraform-provider-scality-artesca/internal/client/iam.go:391.28,393.91 2 12
github.com/scality/terraform-provider-scality-artesca/internal/client/iam.go:393.91,395.4 1 11
github.com/scality/terraform-provider-scality-artesca/internal/client/iam.go:396.3,396.98 1 1
github.com/scality/terraform-provider-scality-artesca/internal/client/iam.go:399.2,399.22 1 13
github.com/scality/terraform-provider-scality-artesca/internal/client/iam.go:402.36,405.2 2 52
github.com/scality/terraform-provider-scality-artesca/internal/client/iam.go:407.42,411.2 3 130
github.com/scality/terraform-provider-scality-artesca/internal/client/iam.go:413.75,419.2 5 26
github.com/scality/terraform-provider-scality-artesca/internal/client/management.go:29.127,45.2 2 58
github.com/scality/terraform-provider-scality-artesca/internal/client/management.go:47.111,49.17 2 58
github.com/scality/terraform-provider-scality-artesca/internal/client/management.go:49.17,51.17 2 26
github.com/scality/terraform-provider-scality-artesca/internal/client/management.go:51.17,53.4 1 0
github.com/scality/terraform-provider-scality-artesca/internal/client/management.go:54.3,54.38 1 26
github.com/scality/terraform-provider-scality-artesca/internal/client/management.go:57.2,59.16 3 58
github.com/scality/terraform-provider-scality-artesca/internal/client/management.go:59.16,61.3 1 0
github.com/scality/terraform-provider-scality-artesca/internal/client/management.go:63.2,64.16 2 58
github.com/scality/terraform-provider-scality-artesca/internal/client/management.go:64.16,66.3 1 0
github.com/scality/terraform-provider-scality-artesca/internal/client/management.go:68.2,73.16 5 58
github.com/scality/terraform-provider-scality-artesca/internal/client/management.go:73.16,75.3 1 0
github.com/scality/terraform-provider-scality-artesca/internal/client/management.go:76.2,79.16 3 58
github.com/scality/terraform-provider-scality-artesca/internal/client/management.go:79.16,81.3 1 0
github.com/scality/terraform-provider-scality-artesca/internal/client/management.go:83.2,83.39 1 58
github.com/scality/terraform-provider-scality-artesca/internal/client/management.go:86.84,89.16 3 12
github.com/scality/terraform-provider-scality-artesca/internal/client/management.go:89.16,91.3 1 0
github.com/scality/terraform-provider-scality-artesca/internal/client/management.go:92.2,92.29 1 12
github.com/scality/terraform-provider-scality-artesca/internal/client/management.go:92.29,94.3 1 1
github.com/scality/terraform-provider-scality-artesca/internal/client/management.go:96.2,97.55 2 11
github.com/scality/terraform-provider-scality-artesca/internal/client/management.go:97.55,99.3 1 0
github.com/scality/terraform-provider-scality-artesca/internal/client/management.go:101.2,101.22 1 11
github.com/scality/terraform-provider-scality-artesca/internal/client/management_account.go:11.88,13.16 2 3
github.com/scality/terraform-provider-scality-artesca/internal/client/management_account.go:13.16,15.3 1 0
github.com/scality/terraform-provider-scality-artesca/internal/client/management_account.go:17.2,17.37 1 3
github.com/scality/terraform-provider-scality-artesca/internal/client/management_account.go:17.37,18.56 1 3
github.com/scality/terraform-provider-scality-artesca/internal/client/management_account.go:18.56,20.4 1 2
github.com/scality/terraform-provider-scality-artesca/internal/client/management_account.go:23.2,23.17 1 1
github.com/scality/terraform-provider-scality-artesca/internal/client/management_account.go:31.102,38.16 4 2
github.com/scality/terraform-provider-scality-artesca/internal/client/management_account.go:38.16,40.3 1 0
github.com/scality/terraform-provider-scality-artesca/internal/client/management_account.go:41.2,41.61 1 2
github.com/scality/terraform-provider-scality-artesca/internal/client/management_account.go:41.61,43.3 1 1
github.com/scality/terraform-provider-scality-artesca/internal/client/management_account.go:45.2,46.52 2 1
github.com/scality/terraform-provider-scality-artesca/internal/client/management_account.go:46.52,48.3 1 0
github.com/scality/terraform-provider-scality-artesca/internal/client/management_account.go:50.2,50.19 1 1
github.com/scality/terraform-provider-scality-artesca/internal/client/management_account.go:53.89,56.16 3 3
github.com/scality/terraform-provider-scality-artesca/internal/client/management_account.go:56.16,58.3 1 0
github.com/scality/terraform-provider-scality-artesca/internal/client/management_account.go:59.2,59.63 1 3
github.com/scality/terraform-provider-scality-artesca/internal/client/management_account.go:59.63,61.3 1 1
github.com/scality/terraform-provider-scality-artesca/internal/client/management_account.go:63.2,63.12 1 2
github.com/scality/terraform-provider-scality-artesca/internal/client/management_account.go:66.103,69.16 3 2
github.com/scality/terraform-provider-scality-artesca/internal/client/management_account.go:69.16,71.3 1 0
github.com/scality/terraform-provider-scality-artesca/internal/client/management_account.go:72.2,72.61 1 2
github.com/scality/terraform-provider-scality-artesca/internal/client/management_account.go:72.61,74.3 1 1
github.com/scality/terraform-provider-scality-artesca/internal/client/management_account.go:76.2,77.52 2 1
github.com/scality/terraform-provider-scality-artesca/internal/client/management_account.go:77.52,79.3 1 0
github.com/scality/terraform-provider-scality-artesca/internal/client/management_account.go:81.2,81.19 1 1
github.com/scality/terraform-provider-scality-artesca/internal/client/management_endpoint.go:11.97,13.16 2 2
github.com/scality/terraform-provider-scality-artesca/internal/client/management_endpoint.go:13.16,15.3 1 0
github.com/scality/terraform-provider-scality-artesca/internal/client/management_endpoint.go:17.2,17.39 1 2
github.com/scality/terraform-provider-scality-artesca/internal/client/management_endpoint.go:17.39,18.30 1 2
github.com/scality/terraform-provider-scality-artesca/internal/client/management_endpoint.go:18.30,20.4 1 1
github.com/scality/terraform-provider-scality-artesca/internal/client/management_endpoint.go:23.2,23.17 1 1
github.com/scality/terraform-provider-scality-artesca/internal/client/management_endpoint.go:26.97,29.16 3 2
github.com/scality/terraform-provider-scality-artesca/internal/client/management_endpoint.go:29.16,31.3 1 0
github.com/scality/terraform-provider-scality-artesca/internal/client/management_endpoint.go:32.2,32.61 1 2
github.com/scality/terraform-provider-scality-artesca/internal/client/management_endpoint.go:32.61,34.3 1 1
github.com/scality/terraform-provider-scality-artesca/internal/client/management_endpoint.go:36.2,37.55 2 1
github.com/scality/terraform-provider-scality-artesca/internal/client/management_endpoint.go:37.55,39.3 1 0
github.com/scality/terraform-provider-scality-artesca/internal/client/management_endpoint.go:41.2,41.22 1 1
github.com/scality/terraform-provider-scality-artesca/internal/client/management_endpoint.go:44.87,47.16 3 2
github.com/scality/terraform-provider-scality-artesca/internal/client/management_endpoint.go:47.16,49.3 1 0
github.com/scality/terraform-provider-scality-artesca/internal/client/management_endpoint.go:50.2,50.63 1 2
github.com/scality/terraform-provider-scality-artesca/internal/client/management_endpoint.go:50.63,52.3 1 1
github.com/scality/terraform-provider-scality-artesca/internal/client/management_endpoint.go:54.2,54.12 1 1
github.com/scality/terraform-provider-scality-artesca/internal/client/management_location.go:11.93,13.16 2 2
github.com/scality/terraform-provider-scality-artesca/internal/client/management_location.go:13.16,15.3 1 0
github.com/scality/terraform-provider-scality-artesca/internal/client/management_location.go:17.2,18.9 2 2
github.com/scality/terraform-provider-scality-artesca/internal/client/management_location.go:18.9,20.3 1 1
github.com/scality/terraform-provider-scality-artesca/internal/client/management_location.go:22.2,22.18 1 1
github.com/scality/terraform-provider-scality-artesca/internal/client/management_location.go:25.98,28.16 3 2
github.com/scality/terraform-provider-scality-artesca/internal/client/management_location.go:28.16,30.3 1 0
github.com/scality/terraform-provider-scality-artesca/internal/client/management_location.go:31.2,31.61 1 2
github.com/scality/terraform-provider-scality-artesca/internal/client/management_location.go:31.61,33.3 1 1
github.com/scality/terraform-provider-scality-artesca/internal/client/management_location.go:35.2,36.55 2 1
github.com/scality/terraform-provider-scality-artesca/internal/client/management_location.go:36.55,38.3 1 0
github.com/scality/terraform-provider-scality-artesca/internal/client/management_location.go:40.2,40.22 1 1
github.com/scality/terraform-provider-scality-artesca/internal/client/management_location.go:43.111,46.16 3 2
github.com/scality/terraform-provider-scality-artesca/internal/client/management_location.go:46.16,48.3 1 0
github.com/scality/terraform-provider-scality-artesca/internal/client/management_location.go:49.2,49.29 1 2
github.com/scality/terraform-provider-scality-artesca/internal/client/management_location.go:49.29,51.3 1 1
github.com/scality/terraform-provider-scality-artesca/internal/client/management_location.go:53.2,54.55 2 1
github.com/scality/terraform-provider-scality-artesca/internal/client/management_location.go:54.55,56.3 1 0
github.com/scality/terraform-provider-scality-artesca/internal/client/management_location.go:58.2,58.22 1 1
github.com/scality/terraform-provider-scality-artesca/internal/client/management_location.go:61.83,64.16 3 2
github.com/scality/terraform-provider-scality-artesca/internal/client/management_location.go:64.16,66.3 1 0
github.com/scality/terraform-provider-scality-artesca/internal/client/management_location.go:67.2,67.63 1 2
github.com/scality/terraform-provider-scality-artesca/internal/client/management_location.go:67.63,69.3 1 1
github.com/scality/terraform-provider-scality-artesca/internal/client/management_location.go:71.2,71.12 1 1
github.com/scality/terraform-provider-scality-artesca/internal/client/management_replication.go:11.115,13.16 2 2
github.com/scality/terraform-provider-scality-artesca/internal/client/management_replication.go:13.16,15.3 1 0
github.com/scality/terraform-provider-scality-artesca/internal/client/management_replication.go:17.2,17.48 1 2
github.com/scality/terraform-provider-scality-artesca/internal/client/management_replication.go:17.48,18.30 1 2
github.com/scality/terraform-provider-scality-artesca/internal/client/management_replication.go:18.30,20.4 1 1
github.com/scality/terraform-provider-scality-artesca/internal/client/management_replication.go:23.2,23.17 1 1
github.com/scality/terraform-provider-scality-artesca/internal/client/management_replication.go:26.128,29.16 3 2
github.com/scality/terraform-provider-scality-artesca/internal/client/management_replication.go:29.16,31.3 1 0
github.com/scality/terraform-provider-scality-artesca/internal/client/management_replication.go:32.2,32.61 1 2
github.com/scality/terraform-provider-scality-artesca/internal/client/management_replication.go:32.61,34.3 1 1
github.com/scality/terraform-provider-scality-artesca/internal/client/management_replication.go:36.2,37.55 2 1
github.com/scality/terraform-provider-scality-artesca/internal/client/management_replication.go:37.55,39.3 1 0
github.com/scality/terraform-provider-scality-artesca/internal/client/management_replication.go:41.2,41.22 1 1
github.com/scality/terraform-provider-scality-artesca/internal/client/management_replication.go:44.145,47.16 3 2
github.com/scality/terraform-provider-scality-artesca/internal/client/management_replication.go:47.16,49.3 1 0
github.com/scality/terraform-provider-scality-artesca/internal/client/management_replication.go:50.2,50.29 1 2
github.com/scality/terraform-provider-scality-artesca/internal/client/management_replication.go:50.29,52.3 1 1
github.com/scality/terraform-provider-scality-artesca/internal/client/management_replication.go:54.2,55.55 2 1
github.com/scality/terraform-provider-scality-artesca/internal/client/management_replication.go:55.55,57.3 1 0
github.com/scality/terraform-provider-scality-artesca/internal/client/management_replication.go:59.2,59.22 1 1
github.com/scality/terraform-provider-scality-artesca/internal/client/management_replication.go:62.96,65.16 3 2
github.com/scality/terraform-provider-scality-artesca/internal/client/management_replication.go:65.16,67.3 1 0
github.com/scality/terraform-provider-scality-artesca/internal/client/management_replication.go:68.2,68.63 1 2
github.com/scality/terraform-provider-scality-artesca/internal/client/management_replication.go:68.63,70.3 1 1
github.com/scality/terraform-provider-scality-artesca/internal/client/management_replication.go:72.2,72.12 1 1
github.com/scality/terraform-provider-scality-artesca/internal/client/management_workflow.go:13.187,16.16 3 3
github.com/scality/terraform-provider-scality-artesca/internal/client/management_workflow.go:16.16,18.3 1 0
github.com/scality/terraform-provider-scality-artesca/internal/client/management_workflow.go:19.2,19.61 1 3
github.com/scality/terraform-provider-scality-artesca/internal/client/management_workflow.go:19.61,21.3 1 1
github.com/scality/terraform-provider-scality-artesca/internal/client/management_workflow.go:23.2,24.55 2 2
github.com/scality/terraform-provider-scality-artesca/internal/client/management_workflow.go:24.55,26.3 1 0
github.com/scality/terraform-provider-scality-artesca/internal/client/management_workflow.go:28.2,28.22 1 2
github.com/scality/terraform-provider-scality-artesca/internal/client/management_workflow.go:31.199,34.16 3 2
github.com/scality/terraform-provider-scality-artesca/internal/client/management_workflow.go:34.16,36.3 1 0
github.com/scality/terraform-provider-scality-artesca/internal/client/management_workflow.go:37.2,37.29 1 2
github.com/scality/terraform-provider-scality-artesca/internal/client/management_workflow.go:37.29,39.3 1 1
github.com/scality/terraform-provider-scality-artesca/internal/client/management_workflow.go:41.2,42.55 2 1
github.com/scality/terraform-provider-scality-artesca/internal/client/management_workflow.go:42.55,44.3 1 0
github.com/scality/terraform-provider-scality-artesca/internal/client/management_workflow.go:46.2,46.22 1 1
github.com/scality/terraform-provider-scality-artesca/internal/client/management_workflow.go:49.140,52.16 3 2
github.com/scality/terraform-provider-scality-artesca/internal/client/management_workflow.go:52.16,54.3 1 0
github.com/scality/terraform-provider-scality-artesca/internal/client/management_workflow.go:55.2,55.63 1 2
github.com/scality/terraform-provider-scality-artesca/internal/client/management_workflow.go:55.63,57.3 1 1
github.com/scality/terraform-provider-scality-artesca/internal/client/management_workflow.go:59.2,59.12 1 1
github.com/scality/terraform-provider-scality-artesca/internal/client/management_workflow.go:64.187,67.16 3 2
github.com/scality/terraform-provider-scality-artesca/internal/client/management_workflow.go:67.16,69.3 1 0
github.com/scality/terraform-provider-scality-artesca/internal/client/management_workflow.go:70.2,70.61 1 2
github.com/scality/terraform-provider-scality-artesca/internal/client/management_workflow.go:70.61,72.3 1 1
github.com/scality/terraform-provider-scality-artesca/internal/client/management_workflow.go:74.2,75.55 2 1
github.com/scality/terraform-provider-scality-artesca/internal/client/management_workflow.go:75.55,77.3 1 0
github.com/scality/terraform-provider-scality-artesca/internal/client/management_workflow.go:79.2,79.22 1 1
github.com/scality/terraform-provider-scality-artesca/internal/client/management_workflow.go:82.199,85.16 3 2
github.com/scality/terraform-provider-scality-artesca/internal/client/management_workflow.go:85.16,87.3 1 0
github.com/scality/terraform-provider-scality-artesca/internal/client/management_workflow.go:88.2,88.29 1 2
github.com/scality/terraform-provider-scality-artesca/internal/client/management_workflow.go:88.29,90.3 1 1
github.com/scality/terraform-provider-scality-artesca/internal/client/management_workflow.go:92.2,93.55 2 1
github.com/scality/terraform-provider-scality-artesca/internal/client/management_workflow.go:93.55,95.3 1 0
github.com/scality/terraform-provider-scality-artesca/internal/client/management_workflow.go:97.2,97.22 1 1
github.com/scality/terraform-provider-scality-artesca/internal/client/management_workflow.go:100.140,103.16 3 2
github.com/scality/terraform-provider-scality-artesca/internal/client/management_workflow.go:103.16,105.3 1 0
github.com/scality/terraform-provider-scality-artesca/internal/client/management_workflow.go:106.2,106.63 1 2
github.com/scality/terraform-provider-scality-artesca/internal/client/management_workflow.go:106.63,108.3 1 1
github.com/scality/terraform-provider-scality-artesca/internal/client/management_workflow.go:110.2,110.12 1 1
github.com/scality/terraform-provider-scality-artesca/internal/client/management_workflow.go:115.178,118.16 3 2
github.com/scality/terraform-provider-scality-artesca/internal/client/management_workflow.go:118.16,120.3 1 0
github.com/scality/terraform-provider-scality-artesca/internal/client/management_workflow.go:121.2,121.61 1 2
github.com/scality/terraform-provider-scality-artesca/internal/client/management_workflow.go:121.61,123.3 1 1
github.com/scality/terraform-provider-scality-artesca/internal/client/management_workflow.go:125.2,126.55 2 1
github.com/scality/terraform-provider-scality-artesca/internal/client/management_workflow.go:126.55,128.3 1 0
github.com/scality/terraform-provider-scality-artesca/internal/client/management_workflow.go:130.2,130.22 1 1
github.com/scality/terraform-provider-scality-artesca/internal/client/management_workflow.go:133.190,136.16 3 2
github.com/scality/terraform-provider-scality-artesca/internal/client/management_workflow.go:136.16,138.3 1 0
github.com/scality/terraform-provider-scality-artesca/internal/client/management_workflow.go:139.2,139.29 1 2
github.com/scality/terraform-provider-scality-artesca/internal/client/management_workflow.go:139.29,141.3 1 1
github.com/scality/terraform-provider-scality-artesca/internal/client/management_workflow.go:143.2,144.55 2 1
github.com/scality/terraform-provider-scality-artesca/internal/client/management_workflow.go:144.55,146.3 1 0
github.com/scality/terraform-provider-scality-artesca/internal/client/management_workflow.go:148.2,148.22 1 1
github.com/scality/terraform-provider-scality-artesca/internal/client/management_workflow.go:151.141,154.16 3 2
github.com/scality/terraform-provider-scality-artesca/internal/client/management_workflow.go:154.16,156.3 1 0
github.com/scality/terraform-provider-scality-artesca/internal/client/management_workflow.go:157.2,157.63 1 2
github.com/scality/terraform-provider-scality-artesca/internal/client/management_workflow.go:157.63,159.3 1 1
github.com/scality/terraform-provider-scality-artesca/internal/client/management_workflow.go:161.2,161.12 1 1
github.com/scality/terraform-provider-scality-artesca/internal/client/oidc.go:41.120,60.2 3 71
github.com/scality/terraform-provider-scality-artesca/internal/client/oidc.go:62.70,66.86 3 73
github.com/scality/terraform-provider-scality-artesca/internal/client/oidc.go:66.86,68.3 1 1
github.com/scality/terraform-provider-scality-artesca/internal/client/oidc.go:70.2,79.16 3 72
github.com/scality/terraform-provider-scality-artesca/internal/client/oidc.go:79.16,81.3 1 0
github.com/scality/terraform-provider-scality-artesca/internal/client/oidc.go:82.2,85.16 3 72
github.com/scality/terraform-provider-scality-artesca/internal/client/oidc.go:85.16,87.3 1 0
github.com/scality/terraform-provider-scality-artesca/internal/client/oidc.go:88.2,91.16 3 72
github.com/scality/terraform-provider-scality-artesca/internal/client/oidc.go:91.16,93.3 1 0
github.com/scality/terraform-provider-scality-artesca/internal/client/oidc.go:95.2,95.38 1 72
github.com/scality/terraform-provider-scality-artesca/internal/client/oidc.go:95.38,97.3 1 2
github.com/scality/terraform-provider-scality-artesca/internal/client/oidc.go:99.2,100.57 2 70
github.com/scality/terraform-provider-scality-artesca/internal/client/oidc.go:100.57,102.3 1 0
github.com/scality/terraform-provider-scality-artesca/internal/client/oidc.go:104.2,104.33 1 70
github.com/scality/terraform-provider-scality-artesca/internal/client/oidc.go:104.33,106.3 1 1
github.com/scality/terraform-provider-scality-artesca/internal/client/oidc.go:108.2,111.27 3 69
github.com/scality/terraform-provider-scality-artesca/internal/client/oidc.go:115.78,117.16 2 8
github.com/scality/terraform-provider-scality-artesca/internal/client/oidc.go:117.16,119.3 1 1
github.com/scality/terraform-provider-scality-artesca/internal/client/oidc.go:121.2,122.21 2 7
github.com/scality/terraform-provider-scality-artesca/internal/client/oidc.go:122.21,124.3 1 1
github.com/scality/terraform-provider-scality-artesca/internal/client/oidc.go:126.2,128.26 2 6
github.com/scality/terraform-provider-scality-artesca/internal/client/oidc.go:129.9,130.18 1 1
github.com/scality/terraform-provider-scality-artesca/internal/client/oidc.go:131.9,132.17 1 1
github.com/scality/terraform-provider-scality-artesca/internal/client/oidc.go:135.2,136.16 2 6
github.com/scality/terraform-provider-scality-artesca/internal/client/oidc.go:136.16,138.3 1 1
github.com/scality/terraform-provider-scality-artesca/internal/client/oidc.go:140.2,143.57 2 5
github.com/scality/terraform-provider-scality-artesca/internal/client/oidc.go:143.57,145.3 1 1
github.com/scality/terraform-provider-scality-artesca/internal/client/oidc.go:147.2,147.32 1 4
github.com/scality/terraform-provider-scality-artesca/internal/resources/endpoint/resource.go:27.46,29.2 1 0
github.com/scality/terraform-provider-scality-artesca/internal/resources/endpoint/resource.go:31.119,33.2 1 0
github.com/scality/terraform-provider-scality-artesca/internal/resources/endpoint/resource.go:35.111,62.2 1 0
github.com/scality/terraform-provider-scality-artesca/internal/resources/endpoint/resource.go:64.122,65.29 1 0
github.com/scality/terraform-provider-scality-artesca/internal/resources/endpoint/resource.go:65.29,67.3 1 0
github.com/scality/terraform-provider-scality-artesca/internal/resources/endpoint/resource.go:68.2,69.9 2 0
github.com/scality/terraform-provider-scality-artesca/internal/resources/endpoint/resource.go:69.9,75.3 2 0
github.com/scality/terraform-provider-scality-artesca/internal/resources/endpoint/resource.go:76.2,76.36 1 0
github.com/scality/terraform-provider-scality-artesca/internal/resources/endpoint/resource.go:79.115,82.33 3 0
github.com/scality/terraform-provider-scality-artesca/internal/resources/endpoint/resource.go:82.33,84.3 1 0
github.com/scality/terraform-provider-scality-artesca/internal/resources/endpoint/resource.go:86.2,94.16 4 0
github.com/scality/terraform-provider-scality-artesca/internal/resources/endpoint/resource.go:94.16,97.3 2 0
github.com/scality/terraform-provider-scality-artesca/internal/resources/endpoint/resource.go:99.2,103.56 4 0
github.com/scality/terraform-provider-scality-artesca/internal/resources/endpoint/resource.go:106.109,109.33 3 0
github.com/scality/terraform-provider-scality-artesca/internal/resources/endpoint/resource.go:109.33,111.3 1 0
github.com/scality/terraform-provider-scality-artesca/internal/resources/endpoint/resource.go:113.2,114.16 2 0
github.com/scality/terraform-provider-scality-artesca/internal/resources/endpoint/resource.go:114.16,117.3 2 0
github.com/scality/terraform-provider-scality-artesca/internal/resources/endpoint/resource.go:118.2,118.15 1 0
github.com/scality/terraform-provider-scality-artesca/internal/resources/endpoint/resource.go:118.15,121.3 2 0
github.com/scality/terraform-provider-scality-artesca/internal/resources/endpoint/resource.go:123.2,127.57 4 0
github.com/scality/terraform-provider-scality-artesca/internal/resources/endpoint/resource.go:130.111,133.2 1 0
github.com/scality/terraform-provider-scality-artesca/internal/resources/endpoint/resource.go:135.115,138.33 3 0
github.com/scality/terraform-provider-scality-artesca/internal/resources/endpoint/resource.go:138.33,140.3 1 0
github.com/scality/terraform-provider-scality-artesca/internal/resources/endpoint/resource.go:142.2,145.16 3 0
github.com/scality/terraform-provider-scality-artesca/internal/resources/endpoint/resource.go:145.16,148.3 2 0
github.com/scality/terraform-provider-scality-artesca/internal/resources/endpoint/resource.go:151.130,153.2 1 0
github.com/scality/terraform-provider-scality-artesca/internal/resources/location/resource.go:29.46,31.2 1 0
github.com/scality/terraform-provider-scality-artesca/internal/resources/location/resource.go:33.119,35.2 1 0
github.com/scality/terraform-provider-scality-artesca/internal/resources/location/resource.go:37.111,208.2 1 0
github.com/scality/terraform-provider-scality-artesca/internal/resources/location/resource.go:210.122,211.29 1 0
github.com/scality/terraform-provider-scality-artesca/internal/resources/location/resource.go:211.29,213.3 1 0
github.com/scality/terraform-provider-scality-artesca/internal/resources/location/resource.go:214.2,215.9 2 0
github.com/scality/terraform-provider-scality-artesca/internal/resources/location/resource.go:215.9,221.3 2 0
github.com/scality/terraform-provider-scality-artesca/internal/resources/location/resource.go:222.2,222.36 1 0
github.com/scality/terraform-provider-scality-artesca/internal/resources/location/resource.go:225.115,228.33 3 0
github.com/scality/terraform-provider-scality-artesca/internal/resources/location/resource.go:228.33,230.3 1 0
github.com/scality/terraform-provider-scality-artesca/internal/resources/location/resource.go:232.2,237.16 4 0
github.com/scality/terraform-provider-scality-artesca/internal/resources/location/resource.go:237.16,240.3 2 0
github.com/scality/terraform-provider-scality-artesca/internal/resources/location/resource.go:242.2,243.56 2 0
github.com/scality/terraform-provider-scality-artesca/internal/resources/location/resource.go:246.109,249.33 3 0
github.com/scality/terraform-provider-scality-artesca/internal/resources/location/resource.go:249.33,251.3 1 0
github.com/scality/terraform-provider-scality-artesca/internal/resources/location/resource.go:253.2,254.16 2 0
github.com/scality/terraform-provider-scality-artesca/internal/resources/location/resource.go:254.16,257.3 2 0
github.com/scality/terraform-provider-scality-artesca/internal/resources/location/resource.go:258.2,258.16 1 0
github.com/scality/terraform-provider-scality-artesca/internal/resources/location/resource.go:258.16,261.3 2 0
github.com/scality/terraform-provider-scality-artesca/internal/resources/location/resource.go:263.2,264.57 2 0
github.com/scality/terraform-provider-scality-artesca/internal/resources/location/resource.go:267.115,270.33 3 0
github.com/scality/terraform-provider-scality-artesca/internal/resources/location/resource.go:270.33,272.3 1 0
github.com/scality/terraform-provider-scality-artesca/internal/resources/location/resource.go:274.2,279.16 4 0
github.com/scality/terraform-provider-scality-artesca/internal/resources/location/resource.go:279.16,282.3 2 0
github.com/scality/terraform-provider-scality-artesca/internal/resources/location/resource.go:284.2,285.56 2 0
github.com/scality/terraform-provider-scality-artesca/internal/resources/location/resource.go:288.115,291.33 3 0
github.com/scality/terraform-provider-scality-artesca/internal/resources/location/resource.go:291.33,293.3 1 0
github.com/scality/terraform-provider-scality-artesca/internal/resources/location/resource.go:295.2,298.16 3 0
github.com/scality/terraform-provider-scality-artesca/internal/resources/location/resource.go:298.16,301.3 2 0
github.com/scality/terraform-provider-scality-artesca/internal/resources/location/resource.go:304.130,306.2 1 0
github.com/scality/terraform-provider-scality-artesca/internal/resources/location/resource.go:310.93,318.67 2 0
github.com/scality/terraform-provider-scality-artesca/internal/resources/location/resource.go:318.67,320.3 1 0
github.com/scality/terraform-provider-scality-artesca/internal/resources/location/resource.go:322.2,322.26 1 0
github.com/scality/terraform-provider-scality-artesca/internal/resources/location/resource.go:322.26,324.3 1 0
github.com/scality/terraform-provider-scality-artesca/internal/resources/location/resource.go:326.2,326.12 1 0
github.com/scality/terraform-provider-scality-artesca/internal/resources/location/resource.go:329.94,332.55 2 0
github.com/scality/terraform-provider-scality-artesca/internal/resources/location/resource.go:332.55,334.3 1 0
github.com/scality/terraform-provider-scality-artesca/internal/resources/location/resource.go:335.2,335.55 1 0
github.com/scality/terraform-provider-scality-artesca/internal/resources/location/resource.go:335.55,337.3 1 0
github.com/scality/terraform-provider-scality-artesca/internal/resources/location/resource.go:338.2,338.57 1 0
github.com/scality/terraform-provider-scality-artesca/internal/resources/location/resource.go:338.57,340.3 1 0
github.com/scality/terraform-provider-scality-artesca/internal/resources/location/resource.go:341.2,341.59 1 0
github.com/scality/terraform-provider-scality-artesca/internal/resources/location/resource.go:341.59,344.3 2 0
github.com/scality/terraform-provider-scality-artesca/internal/resources/location/resource.go:345.2,345.53 1 0
github.com/scality/terraform-provider-scality-artesca/internal/resources/location/resource.go:345.53,347.3 1 0
github.com/scality/terraform-provider-scality-artesca/internal/resources/location/resource.go:348.2,348.49 1 0
github.com/scality/terraform-provider-scality-artesca/internal/resources/location/resource.go:348.49,350.3 1 0
github.com/scality/terraform-provider-scality-artesca/internal/resources/location/resource.go:351.2,351.77 1 0
github.com/scality/terraform-provider-scality-artesca/internal/resources/location/resource.go:351.77,354.3 2 0
github.com/scality/terraform-provider-scality-artesca/internal/resources/location/resource.go:355.2,355.61 1 0
github.com/scality/terraform-provider-scality-artesca/internal/resources/location/resource.go:355.61,357.3 1 0
github.com/scality/terraform-provider-scality-artesca/internal/resources/location/resource.go:358.2,358.63 1 0
github.com/scality/terraform-provider-scality-artesca/internal/resources/location/resource.go:358.63,360.3 1 0
github.com/scality/terraform-provider-scality-artesca/internal/resources/location/resource.go:361.2,361.53 1 0
github.com/scality/terraform-provider-scality-artesca/internal/resources/location/resource.go:361.53,363.3 1 0
github.com/scality/terraform-provider-scality-artesca/internal/resources/location/resource.go:364.2,364.53 1 0
github.com/scality/terraform-provider-scality-artesca/internal/resources/location/resource.go:364.53,366.3 1 0
github.com/scality/terraform-provider-scality-artesca/internal/resources/location/resource.go:367.2,367.57 1 0
github.com/scality/terraform-provider-scality-artesca/internal/resources/location/resource.go:367.57,369.3 1 0
github.com/scality/terraform-provider-scality-artesca/internal/resources/location/resource.go:370.2,370.65 1 0
github.com/scality/terraform-provider-scality-artesca/internal/resources/location/resource.go:370.65,372.3 1 0
github.com/scality/terraform-provider-scality-artesca/internal/resources/location/resource.go:373.2,373.63 1 0
github.com/scality/terraform-provider-scality-artesca/internal/resources/location/resource.go:373.63,375.3 1 0
github.com/scality/terraform-provider-scality-artesca/internal/resources/location/resource.go:376.2,376.73 1 0
github.com/scality/terraform-provider-scality-artesca/internal/resources/location/resource.go:376.73,378.3 1 0
github.com/scality/terraform-provider-scality-artesca/internal/resources/location/resource.go:379.2,379.77 1 0
github.com/scality/terraform-provider-scality-artesca/internal/resources/location/resource.go:379.77,381.3 1 0
github.com/scality/terraform-provider-scality-artesca/internal/resources/location/resource.go:382.2,382.45 1 0
github.com/scality/terraform-provider-scality-artesca/internal/resources/location/resource.go:382.45,384.3 1 0
github.com/scality/terraform-provider-scality-artesca/internal/resources/location/resource.go:385.2,385.55 1 0
github.com/scality/terraform-provider-scality-artesca/internal/resources/location/resource.go:385.55,387.3 1 0
github.com/scality/terraform-provider-scality-artesca/internal/resources/location/resource.go:388.2,388.53 1 0
github.com/scality/terraform-provider-scality-artesca/internal/resources/location/resource.go:388.53,391.3 2 0
github.com/scality/terraform-provider-scality-artesca/internal/resources/location/resource.go:392.2,392.59 1 0
github.com/scality/terraform-provider-scality-artesca/internal/resources/location/resource.go:392.59,395.3 2 0
github.com/scality/terraform-provider-scality-artesca/internal/resources/location/resource.go:396.2,396.55 1 0
github.com/scality/terraform-provider-scality-artesca/internal/resources/location/resource.go:396.55,399.3 2 0
github.com/scality/terraform-provider-scality-artesca/internal/resources/location/resource.go:400.2,400.59 1 0
github.com/scality/terraform-provider-scality-artesca/internal/resources/location/resource.go:400.59,402.3 1 0
github.com/scality/terraform-provider-scality-artesca/internal/resources/location/resource.go:403.2,403.61 1 0
github.com/scality/terraform-provider-scality-artesca/internal/resources/location/resource.go:403.61,405.3 1 0
github.com/scality/terraform-provider-scality-artesca/internal/resources/location/resource.go:407.2,407.49 1 0
github.com/scality/terraform-provider-scality-artesca/internal/resources/location/resource.go:407.49,411.3 3 0
github.com/scality/terraform-provider-scality-artesca/internal/resources/location/resource.go:412.2,412.63 1 0
github.com/scality/terraform-provider-scality-artesca/internal/resources/location/resource.go:412.63,416.3 3 0
github.com/scality/terraform-provider-scality-artesca/internal/resources/location/resource.go:418.2,418.16 1 0
github.com/scality/terraform-provider-scality-artesca/internal/resources/location/resource.go:421.98,428.24 6 0
github.com/scality/terraform-provider-scality-artesca/internal/resources/location/resource.go:428.24,430.3 1 0
github.com/scality/terraform-provider-scality-artesca/internal/resources/location/resource.go:432.2,432.25 1 0
github.com/scality/terraform-provider-scality-artesca/internal/resources/location/resource.go:432.25,434.3 1 0
github.com/scality/terraform-provider-scality-artesca/internal/resources/location/resource.go:436.2,436.24 1 0
github.com/scality/terraform-provider-scality-artesca/internal/resources/location/resource.go:436.24,437.27 1 0
github.com/scality/terraform-provider-scality-artesca/internal/resources/location/resource.go:437.27,439.4 1 0
github.com/scality/terraform-provider-scality-artesca/internal/resources/location/resource.go:440.3,440.53 1 0
github.com/scality/terraform-provider-scality-artesca/internal/resources/location/resource.go:444.101,445.66 1 0
github.com/scality/terraform-provider-scality-artesca/internal/resources/location/resource.go:445.66,446.18 1 0
github.com/scality/terraform-provider-scality-artesca/internal/resources/location/resource.go:446.18,448.4 1 0
github.com/scality/terraform-provider-scality-artesca/internal/resources/location/resource.go:451.2,453.23 2 0
github.com/scality/terraform-provider-scality-artesca/internal/resources/location/resource.go:453.23,455.3 1 0
github.com/scality/terraform-provider-scality-artesca/internal/resources/location/resource.go:456.2,457.26 2 0
github.com/scality/terraform-provider-scality-artesca/internal/resources/location/resource.go:457.26,459.3 1 0
github.com/scality/terraform-provider-scality-artesca/internal/resources/location/resource.go:460.2,462.35 3 0
github.com/scality/terraform-provider-scality-artesca/internal/resources/location/resource.go:462.35,464.3 1 0
github.com/scality/terraform-provider-scality-artesca/internal/resources/location/resource.go:465.2,469.22 4 0
github.com/scality/terraform-provider-scality-artesca/internal/resources/location/resource.go:469.22,471.3 1 0
github.com/scality/terraform-provider-scality-artesca/internal/resources/location/resource.go:472.2,482.23 10 0
github.com/scality/terraform-provider-scality-artesca/internal/resources/location/resource.go:482.23,484.3 1 0
github.com/scality/terraform-provider-scality-artesca/internal/resources/location/resource.go:485.2,485.26 1 0
github.com/scality/terraform-provider-scality-artesca/internal/resources/location/resource.go:485.26,487.3 1 0
github.com/scality/terraform-provider-scality-artesca/internal/resources/location/resource.go:488.2,488.24 1 0
github.com/scality/terraform-provider-scality-artesca/internal/resources/location/resource.go:488.24,490.3 1 0
github.com/scality/terraform-provider-scality-artesca/internal/resources/location/resource.go:492.2,492.23 1 0
github.com/scality/terraform-provider-scality-artesca/internal/resources/location/resource.go:492.23,495.3 2 0
github.com/scality/terraform-provider-scality-artesca/internal/resources/location/resource.go:496.2,496.30 1 0
github.com/scality/terraform-provider-scality-artesca/internal/resources/location/resource.go:496.30,499.3 2 0
github.com/scality/terraform-provider-scality-artesca/main.go:14.13,25.16 6 0
github.com/scality/terraform-provider-scality-artesca/main.go:25.16,27.3 1 0
github.com/scality/terraform-provider-scality-artesca/internal/provider/provider.go:45.51,46.34 1 0
github.com/scality/terraform-provider-scality-artesca/internal/provider/provider.go:46.34,50.3 1 0
github.com/scality/terraform-provider-scality-artesca/internal/provider/provider.go:53.116,56.2 2 0
github.com/scality/terraform-provider-scality-artesca/internal/provider/provider.go:58.110,101.2 1 0
github.com/scality/terraform-provider-scality-artesca/internal/provider/provider.go:103.123,106.33 3 0
github.com/scality/terraform-provider-scality-artesca/internal/provider/provider.go:106.33,108.3 1 0
github.com/scality/terraform-provider-scality-artesca/internal/provider/provider.go:110.2,120.83 10 0
github.com/scality/terraform-provider-scality-artesca/internal/provider/provider.go:120.83,122.3 1 0
github.com/scality/terraform-provider-scality-artesca/internal/provider/provider.go:122.8,122.84 1 0
github.com/scality/terraform-provider-scality-artesca/internal/provider/provider.go:122.84,124.3 1 0
github.com/scality/terraform-provider-scality-artesca/internal/provider/provider.go:126.2,126.30 1 0
github.com/scality/terraform-provider-scality-artesca/internal/provider/provider.go:126.30,131.3 1 0
github.com/scality/terraform-provider-scality-artesca/internal/provider/provider.go:132.2,132.19 1 0
github.com/scality/terraform-provider-scality-artesca/internal/provider/provider.go:132.19,137.3 1 0
github.com/scality/terraform-provider-scality-artesca/internal/provider/provider.go:138.2,138.20 1 0
github.com/scality/terraform-provider-scality-artesca/internal/provider/provider.go:138.20,143.3 1 0
github.com/scality/terraform-provider-scality-artesca/internal/provider/provider.go:144.2,144.20 1 0
github.com/scality/terraform-provider-scality-artesca/internal/provider/provider.go:144.20,149.3 1 0
github.com/scality/terraform-provider-scality-artesca/internal/provider/provider.go:150.2,150.33 1 0
github.com/scality/terraform-provider-scality-artesca/internal/provider/provider.go:150.33,152.3 1 0
github.com/scality/terraform-provider-scality-artesca/internal/provider/provider.go:154.2,165.16 4 0
github.com/scality/terraform-provider-scality-artesca/internal/provider/provider.go:165.16,171.3 2 0
github.com/scality/terraform-provider-scality-artesca/internal/provider/provider.go:173.2,176.22 2 0
github.com/scality/terraform-provider-scality-artesca/internal/provider/provider.go:176.22,179.17 3 0
github.com/scality/terraform-provider-scality-artesca/internal/provider/provider.go:179.17,185.4 2 0
github.com/scality/terraform-provider-scality-artesca/internal/provider/provider.go:186.3,186.28 1 0
github.com/scality/terraform-provider-scality-artesca/internal/provider/provider.go:186.28,192.4 2 0
github.com/scality/terraform-provider-scality-artesca/internal/provider/provider.go:193.3,193.27 1 0
github.com/scality/terraform-provider-scality-artesca/internal/provider/provider.go:193.27,199.4 2 0
github.com/scality/terraform-provider-scality-artesca/internal/provider/provider.go:200.3,203.5 2 0
github.com/scality/terraform-provider-scality-artesca/internal/provider/provider.go:207.2,208.16 2 0
github.com/scality/terraform-provider-scality-artesca/internal/provider/provider.go:208.16,214.3 2 0
github.com/scality/terraform-provider-scality-artesca/internal/provider/provider.go:215.2,225.31 5 0
github.com/scality/terraform-provider-scality-artesca/internal/provider/provider.go:228.83,241.2 1 0
github.com/scality/terraform-provider-scality-artesca/internal/provider/provider.go:243.89,245.2 1 0
github.com/scality/terraform-provider-scality-artesca/internal/provider/provider.go:247.57,248.39 1 0
github.com/scality/terraform-provider-scality-artesca/internal/provider/provider.go:248.39,250.3 1 0
github.com/scality/terraform-provider-scality-artesca/internal/provider/provider.go:251.2,251.26 1 0
github.com/scality/terraform-provider-scality-artesca/internal/provider/provider.go:254.71,255.39 1 0
github.com/scality/terraform-provider-scality-artesca/internal/provider/provider.go:255.39,257.3 1 0
github.com/scality/terraform-provider-scality-artesca/internal/provider/provider.go:258.2,258.37 1 0
github.com/scality/terraform-provider-scality-artesca/internal/provider/provider.go:258.37,260.3 1 0
github.com/scality/terraform-provider-scality-artesca/internal/provider/provider.go:261.2,261.19 1 0
github.com/scality/terraform-provider-scality-artesca/internal/resources/user_access_key/resource.go:22.51,24.2 1 0
github.com/scality/terraform-provider-scality-artesca/internal/resources/user_access_key/resource.go:26.124,28.2 1 0
github.com/scality/terraform-provider-scality-artesca/internal/resources/user_access_key/resource.go:30.116,81.2 1 0
github.com/scality/terraform-provider-scality-artesca/internal/resources/user_access_key/resource.go:83.127,84.29 1 0
github.com/scality/terraform-provider-scality-artesca/internal/resources/user_access_key/resource.go:84.29,86.3 1 0
github.com/scality/terraform-provider-scality-artesca/internal/resources/user_access_key/resource.go:88.2,89.9 2 0
github.com/scality/terraform-provider-scality-artesca/internal/resources/user_access_key/resource.go:89.9,95.3 2 0
github.com/scality/terraform-provider-scality-artesca/internal/resources/user_access_key/resource.go:96.2,96.32 1 0
github.com/scality/terraform-provider-scality-artesca/internal/resources/user_access_key/resource.go:99.120,102.33 3 0
github.com/scality/terraform-provider-scality-artesca/internal/resources/user_access_key/resource.go:102.33,104.3 1 0
github.com/scality/terraform-provider-scality-artesca/internal/resources/user_access_key/resource.go:106.2,115.16 3 0
github.com/scality/terraform-provider-scality-artesca/internal/resources/user_access_key/resource.go:115.16,118.3 2 0
github.com/scality/terraform-provider-scality-artesca/internal/resources/user_access_key/resource.go:120.2,124.56 4 0
github.com/scality/terraform-provider-scality-artesca/internal/resources/user_access_key/resource.go:127.114,130.33 3 0
github.com/scality/terraform-provider-scality-artesca/internal/resources/user_access_key/resource.go:130.33,132.3 1 0
github.com/scality/terraform-provider-scality-artesca/internal/resources/user_access_key/resource.go:134.2,139.16 2 0
github.com/scality/terraform-provider-scality-artesca/internal/resources/user_access_key/resource.go:139.16,142.3 2 0
github.com/scality/terraform-provider-scality-artesca/internal/resources/user_access_key/resource.go:145.2,146.25 2 0
github.com/scality/terraform-provider-scality-artesca/internal/resources/user_access_key/resource.go:146.25,147.55 1 0
github.com/scality/terraform-provider-scality-artesca/internal/resources/user_access_key/resource.go:147.55,150.9 3 0
github.com/scality/terraform-provider-scality-artesca/internal/resources/user_access_key/resource.go:154.2,154.12 1 0
github.com/scality/terraform-provider-scality-artesca/internal/resources/user_access_key/resource.go:154.12,157.3 2 0
github.com/scality/terraform-provider-scality-artesca/internal/resources/user_access_key/resource.go:160.2,160.57 1 0
github.com/scality/terraform-provider-scality-artesca/internal/resources/user_access_key/resource.go:163.116,166.2 1 0
github.com/scality/terraform-provider-scality-artesca/internal/resources/user_access_key/resource.go:168.120,171.33 3 0
github.com/scality/terraform-provider-scality-artesca/internal/resources/user_access_key/resource.go:171.33,173.3 1 0
github.com/scality/terraform-provider-scality-artesca/internal/resources/user_access_key/resource.go:175.2,186.16 3 0
github.com/scality/terraform-provider-scality-artesca/internal/resources/user_access_key/resource.go:186.16,189.3 2 0
github.com/scality/terraform-provider-scality-artesca/internal/resources/replication/resource.go:26.49,28.2 1 0
github.com/scality/terraform-provider-scality-artesca/internal/resources/replication/resource.go:30.122,32.2 1 0
github.com/scality/terraform-provider-scality-artesca/internal/resources/replication/resource.go:34.114,99.2 1 0
github.com/scality/terraform-provider-scality-artesca/internal/resources/replication/resource.go:101.125,102.29 1 0
github.com/scality/terraform-provider-scality-artesca/internal/resources/replication/resource.go:102.29,104.3 1 0
github.com/scality/terraform-provider-scality-artesca/internal/resources/replication/resource.go:105.2,106.9 2 0
github.com/scality/terraform-provider-scality-artesca/internal/resources/replication/resource.go:106.9,112.3 2 0
github.com/scality/terraform-provider-scality-artesca/internal/resources/replication/resource.go:113.2,113.36 1 0
github.com/scality/terraform-provider-scality-artesca/internal/resources/replication/resource.go:116.118,119.33 3 0
github.com/scality/terraform-provider-scality-artesca/internal/resources/replication/resource.go:119.33,121.3 1 0
github.com/scality/terraform-provider-scality-artesca/internal/resources/replication/resource.go:123.2,128.16 4 0
github.com/scality/terraform-provider-scality-artesca/internal/resources/replication/resource.go:128.16,131.3 2 0
github.com/scality/terraform-provider-scality-artesca/internal/resources/replication/resource.go:133.2,134.56 2 0
github.com/scality/terraform-provider-scality-artesca/internal/resources/replication/resource.go:137.112,140.33 3 0
github.com/scality/terraform-provider-scality-artesca/internal/resources/replication/resource.go:140.33,142.3 1 0
github.com/scality/terraform-provider-scality-artesca/internal/resources/replication/resource.go:144.2,145.16 2 0
github.com/scality/terraform-provider-scality-artesca/internal/resources/replication/resource.go:145.16,148.3 2 0
github.com/scality/terraform-provider-scality-artesca/internal/resources/replication/resource.go:149.2,149.19 1 0
github.com/scality/terraform-provider-scality-artesca/internal/resources/replication/resource.go:149.19,152.3 2 0
github.com/scality/terraform-provider-scality-artesca/internal/resources/replication/resource.go:154.2,155.57 2 0
github.com/scality/terraform-provider-scality-artesca/internal/resources/replication/resource.go:158.118,161.33 3 0
github.com/scality/terraform-provider-scality-artesca/internal/resources/replication/resource.go:161.33,163.3 1 0
github.com/scality/terraform-provider-scality-artesca/internal/resources/replication/resource.go:165.2,167.33 3 0
github.com/scality/terraform-provider-scality-artesca/internal/resources/replication/resource.go:167.33,169.3 1 0
github.com/scality/terraform-provider-scality-artesca/internal/resources/replication/resource.go:171.2,176.16 4 0
github.com/scality/terraform-provider-scality-artesca/internal/resources/replication/resource.go:176.16,179.3 2 0
github.com/scality/terraform-provider-scality-artesca/internal/resources/replication/resource.go:181.2,182.56 2 0
github.com/scality/terraform-provider-scality-artesca/internal/resources/replication/resource.go:185.118,188.33 3 0
github.com/scality/terraform-provider-scality-artesca/internal/resources/replication/resource.go:188.33,190.3 1 0
github.com/scality/terraform-provider-scality-artesca/internal/resources/replication/resource.go:192.2,195.16 3 0
github.com/scality/terraform-provider-scality-artesca/internal/resources/replication/resource.go:195.16,198.3 2 0
github.com/scality/terraform-provider-scality-artesca/internal/resources/replication/resource.go:201.133,203.2 1 0
github.com/scality/terraform-provider-scality-artesca/internal/resources/replication/resource.go:207.87,214.25 2 0
github.com/scality/terraform-provider-scality-artesca/internal/resources/replication/resource.go:214.25,219.76 2 0
github.com/scality/terraform-provider-scality-artesca/internal/resources/replication/resource.go:219.76,221.4 1 0
github.com/scality/terraform-provider-scality-artesca/internal/resources/replication/resource.go:224.2,224.30 1 0
github.com/scality/terraform-provider-scality-artesca/internal/resources/replication/resource.go:224.30,226.90 2 0
github.com/scality/terraform-provider-scality-artesca/internal/resources/replication/resource.go:226.90,228.4 1 0
github.com/scality/terraform-provider-scality-artesca/internal/resources/replication/resource.go:229.3,229.86 1 0
github.com/scality/terraform-provider-scality-artesca/internal/resources/replication/resource.go:229.86,231.4 1 0
github.com/scality/terraform-provider-scality-artesca/internal/resources/replication/resource.go:232.3,232.112 1 0
github.com/scality/terraform-provider-scality-artesca/internal/resources/replication/resource.go:232.112,234.4 1 0
github.com/scality/terraform-provider-scality-artesca/internal/resources/replication/resource.go:235.3,235.78 1 0
github.com/scality/terraform-provider-scality-artesca/internal/resources/replication/resource.go:235.78,237.4 1 0
github.com/scality/terraform-provider-scality-artesca/internal/resources/replication/resource.go:240.2,240.15 1 0
github.com/scality/terraform-provider-scality-artesca/internal/resources/replication/resource.go:243.95,249.26 5 0
github.com/scality/terraform-provider-scality-artesca/internal/resources/replication/resource.go:249.26,254.35 2 0
github.com/scality/terraform-provider-scality-artesca/internal/resources/replication/resource.go:254.35,256.4 1 0
github.com/scality/terraform-provider-scality-artesca/internal/resources/replication/resource.go:256.9,258.4 1 0
github.com/scality/terraform-provider-scality-artesca/internal/resources/replication/resource.go:261.2,261.31 1 0
github.com/scality/terraform-provider-scality-artesca/internal/resources/replication/resource.go:261.31,263.42 2 0
github.com/scality/terraform-provider-scality-artesca/internal/resources/replication/resource.go:263.42,265.4 1 0
github.com/scality/terraform-provider-scality-artesca/internal/resources/replication/resource.go:265.9,267.4 1 0
github.com/scality/terraform-provider-scality-artesca/internal/resources/replication/resource.go:268.3,268.40 1 0
github.com/scality/terraform-provider-scality-artesca/internal/resources/replication/resource.go:268.40,270.4 1 0
github.com/scality/terraform-provider-scality-artesca/internal/resources/replication/resource.go:270.9,272.4 1 0
github.com/scality/terraform-provider-scality-artesca/internal/resources/replication/resource.go:273.3,273.53 1 0
github.com/scality/terraform-provider-scality-artesca/internal/resources/replication/resource.go:273.53,275.4 1 0
github.com/scality/terraform-provider-scality-artesca/internal/resources/replication/resource.go:275.9,277.4 1 0
github.com/scality/terraform-provider-scality-artesca/internal/resources/replication/resource.go:278.3,278.36 1 0
github.com/scality/terraform-provider-scality-artesca/internal/resources/replication/resource.go:278.36,280.4 1 0
github.com/scality/terraform-provider-scality-artesca/internal/resources/replication/resource.go:280.9,282.4 1 0
github.com/scality/terraform-provider-scality-artesca/internal/resources/user/resource.go:26.42,28.2 1 0
github.com/scality/terraform-provider-scality-artesca/internal/resources/user/resource.go:30.115,32.2 1 0
github.com/scality/terraform-provider-scality-artesca/internal/resources/user/resource.go:34.107,84.2 1 0
github.com/scality/terraform-provider-scality-artesca/internal/resources/user/resource.go:86.118,87.29 1 0
github.com/scality/terraform-provider-scality-artesca/internal/resources/user/resource.go:87.29,89.3 1 0
github.com/scality/terraform-provider-scality-artesca/internal/resources/user/resource.go:91.2,92.9 2 0
github.com/scality/terraform-provider-scality-artesca/internal/resources/user/resource.go:92.9,98.3 2 0
github.com/scality/terraform-provider-scality-artesca/internal/resources/user/resource.go:99.2,99.32 1 0
github.com/scality/terraform-provider-scality-artesca/internal/resources/user/resource.go:102.111,105.33 3 0
github.com/scality/terraform-provider-scality-artesca/internal/resources/user/resource.go:105.33,107.3 1 0
github.com/scality/terraform-provider-scality-artesca/internal/resources/user/resource.go:109.2,116.16 6 0
github.com/scality/terraform-provider-scality-artesca/internal/resources/user/resource.go:116.16,119.3 2 0
github.com/scality/terraform-provider-scality-artesca/internal/resources/user/resource.go:121.2,125.56 4 0
github.com/scality/terraform-provider-scality-artesca/internal/resources/user/resource.go:128.105,131.33 3 0
github.com/scality/terraform-provider-scality-artesca/internal/resources/user/resource.go:131.33,133.3 1 0
github.com/scality/terraform-provider-scality-artesca/internal/resources/user/resource.go:135.2,140.16 5 0
github.com/scality/terraform-provider-scality-artesca/internal/resources/user/resource.go:140.16,143.3 2 0
github.com/scality/terraform-provider-scality-artesca/internal/resources/user/resource.go:144.2,144.17 1 0
github.com/scality/terraform-provider-scality-artesca/internal/resources/user/resource.go:144.17,147.3 2 0
github.com/scality/terraform-provider-scality-artesca/internal/resources/user/resource.go:149.2,153.57 4 0
github.com/scality/terraform-provider-scality-artesca/internal/resources/user/resource.go:156.107,159.2 1 0
github.com/scality/terraform-provider-scality-artesca/internal/resources/user/resource.go:161.111,164.33 3 0
github.com/scality/terraform-provider-scality-artesca/internal/resources/user/resource.go:164.33,166.3 1 0
github.com/scality/terraform-provider-scality-artesca/internal/resources/user/resource.go:168.2,175.16 6 0
github.com/scality/terraform-provider-scality-artesca/internal/resources/user/resource.go:175.16,178.3 2 0
github.com/scality/terraform-provider-scality-artesca/internal/resources/user/resource.go:181.126,183.2 1 0
github.com/scality/terraform-provider-scality-artesca/internal/resources/account/resource.go:26.45,28.2 1 0
github.com/scality/terraform-provider-scality-artesca/internal/resources/account/resource.go:30.118,32.2 1 0
github.com/scality/terraform-provider-scality-artesca/internal/resources/account/resource.go:34.110,88.2 1 0
github.com/scality/terraform-provider-scality-artesca/internal/resources/account/resource.go:90.121,91.29 1 0
github.com/scality/terraform-provider-scality-artesca/internal/resources/account/resource.go:91.29,93.3 1 0
github.com/scality/terraform-provider-scality-artesca/internal/resources/account/resource.go:94.2,95.9 2 0
github.com/scality/terraform-provider-scality-artesca/internal/resources/account/resource.go:95.9,101.3 2 0
github.com/scality/terraform-provider-scality-artesca/internal/resources/account/resource.go:102.2,102.36 1 0
github.com/scality/terraform-provider-scality-artesca/internal/resources/account/resource.go:105.114,108.33 3 0
github.com/scality/terraform-provider-scality-artesca/internal/resources/account/resource.go:108.33,110.3 1 0
github.com/scality/terraform-provider-scality-artesca/internal/resources/account/resource.go:112.2,115.16 3 0
github.com/scality/terraform-provider-scality-artesca/internal/resources/account/resource.go:115.16,118.3 2 0
github.com/scality/terraform-provider-scality-artesca/internal/resources/account/resource.go:120.2,123.67 2 0
github.com/scality/terraform-provider-scality-artesca/internal/resources/account/resource.go:123.67,125.17 2 0
github.com/scality/terraform-provider-scality-artesca/internal/resources/account/resource.go:125.17,128.4 2 0
github.com/scality/terraform-provider-scality-artesca/internal/resources/account/resource.go:129.3,129.30 1 0
github.com/scality/terraform-provider-scality-artesca/internal/resources/account/resource.go:129.30,131.4 1 0
github.com/scality/terraform-provider-scality-artesca/internal/resources/account/resource.go:132.3,132.30 1 0
github.com/scality/terraform-provider-scality-artesca/internal/resources/account/resource.go:132.30,134.4 1 0
github.com/scality/terraform-provider-scality-artesca/internal/resources/account/resource.go:137.2,137.56 1 0
github.com/scality/terraform-provider-scality-artesca/internal/resources/account/resource.go:140.108,143.33 3 0
github.com/scality/terraform-provider-scality-artesca/internal/resources/account/resource.go:143.33,145.3 1 0
github.com/scality/terraform-provider-scality-artesca/internal/resources/account/resource.go:147.2,148.16 2 0
github.com/scality/terraform-provider-scality-artesca/internal/resources/account/resource.go:148.16,151.3 2 0
github.com/scality/terraform-provider-scality-artesca/internal/resources/account/resource.go:152.2,152.17 1 0
github.com/scality/terraform-provider-scality-artesca/internal/resources/account/resource.go:152.17,155.3 2 0
github.com/scality/terraform-provider-scality-artesca/internal/resources/account/resource.go:158.2,164.69 4 0
github.com/scality/terraform-provider-scality-artesca/internal/resources/account/resource.go:164.69,166.3 1 0
github.com/scality/terraform-provider-scality-artesca/internal/resources/account/resource.go:167.2,167.69 1 0
github.com/scality/terraform-provider-scality-artesca/internal/resources/account/resource.go:167.69,169.3 1 0
github.com/scality/terraform-provider-scality-artesca/internal/resources/account/resource.go:171.2,171.57 1 0
github.com/scality/terraform-provider-scality-artesca/internal/resources/account/resource.go:174.114,180.33 3 0
github.com/scality/terraform-provider-scality-artesca/internal/resources/account/resource.go:180.33,182.3 1 0
github.com/scality/terraform-provider-scality-artesca/internal/resources/account/resource.go:185.2,187.33 3 0
github.com/scality/terraform-provider-scality-artesca/internal/resources/account/resource.go:187.33,189.3 1 0
github.com/scality/terraform-provider-scality-artesca/internal/resources/account/resource.go:191.2,197.56 6 0
github.com/scality/terraform-provider-scality-artesca/internal/resources/account/resource.go:200.114,203.33 3 0
github.com/scality/terraform-provider-scality-artesca/internal/resources/account/resource.go:203.33,205.3 1 0
github.com/scality/terraform-provider-scality-artesca/internal/resources/account/resource.go:207.2,210.16 3 0
github.com/scality/terraform-provider-scality-artesca/internal/resources/account/resource.go:210.16,213.3 2 0
github.com/scality/terraform-provider-scality-artesca/internal/resources/account/resource.go:216.129,218.2 1 0
github.com/scality/terraform-provider-scality-artesca/internal/resources/account/resource.go:220.69,221.28 1 0
github.com/scality/terraform-provider-scality-artesca/internal/resources/account/resource.go:221.28,223.3 1 0
github.com/scality/terraform-provider-scality-artesca/internal/resources/account/resource.go:223.8,223.32 1 0
github.com/scality/terraform-provider-scality-artesca/internal/resources/account/resource.go:223.32,225.3 1 0
github.com/scality/terraform-provider-scality-artesca/internal/resources/account/resource.go:227.2,227.22 1 0
github.com/scality/terraform-provider-scality-artesca/internal/resources/account/resource.go:227.22,229.3 1 0
github.com/scality/terraform-provider-scality-artesca/internal/resources/account/resource.go:230.2,230.26 1 0
github.com/scality/terraform-provider-scality-artesca/internal/resources/account/resource.go:230.26,232.3 1 0
github.com/scality/terraform-provider-scality-artesca/internal/resources/account/resource.go:233.2,233.26 1 0
github.com/scality/terraform-provider-scality-artesca/internal/resources/account/resource.go:233.26,235.3 1 0
github.com/scality/terraform-provider-scality-artesca/internal/resources/account/resource.go:236.2,236.20 1 0
github.com/scality/terraform-provider-scality-artesca/internal/resources/account/resource.go:236.20,238.3 1 0
github.com/scality/terraform-provider-scality-artesca/internal/resources/account/resource.go:239.2,239.28 1 0
github.com/scality/terraform-provider-scality-artesca/internal/resources/account/resource.go:239.28,241.3 1 0
github.com/scality/terraform-provider-scality-artesca/internal/resources/account/resource.go:242.2,242.19 1 0
github.com/scality/terraform-provider-scality-artesca/internal/resources/account/resource.go:242.19,244.3 1 0
github.com/scality/terraform-provider-scality-artesca/internal/resources/workflow_replication/resource.go:22.57,24.2 1 0
github.com/scality/terraform-provider-scality-artesca/internal/resources/workflow_replication/resource.go:26.130,28.2 1 0
github.com/scality/terraform-provider-scality-artesca/internal/resources/workflow_replication/resource.go:30.122,135.2 1 0
github.com/scality/terraform-provider-scality-artesca/internal/resources/workflow_replication/resource.go:137.133,138.29 1 0
github.com/scality/terraform-provider-scality-artesca/internal/resources/workflow_replication/resource.go:138.29,140.3 1 0
github.com/scality/terraform-provider-scality-artesca/internal/resources/workflow_replication/resource.go:141.2,142.9 2 0
github.com/scality/terraform-provider-scality-artesca/internal/resources/workflow_replication/resource.go:142.9,148.3 2 0
github.com/scality/terraform-provider-scality-artesca/internal/resources/workflow_replication/resource.go:149.2,149.36 1 0
github.com/scality/terraform-provider-scality-artesca/internal/resources/workflow_replication/resource.go:152.126,155.33 3 0
github.com/scality/terraform-provider-scality-artesca/internal/resources/workflow_replication/resource.go:155.33,157.3 1 0
github.com/scality/terraform-provider-scality-artesca/internal/resources/workflow_replication/resource.go:159.2,171.16 7 0
github.com/scality/terraform-provider-scality-artesca/internal/resources/workflow_replication/resource.go:171.16,174.3 2 0
github.com/scality/terraform-provider-scality-artesca/internal/resources/workflow_replication/resource.go:176.2,178.56 3 0
github.com/scality/terraform-provider-scality-artesca/internal/resources/workflow_replication/resource.go:181.120,184.33 3 0
github.com/scality/terraform-provider-scality-artesca/internal/resources/workflow_replication/resource.go:184.33,186.3 1 0
github.com/scality/terraform-provider-scality-artesca/internal/resources/workflow_replication/resource.go:189.2,189.57 1 0
github.com/scality/terraform-provider-scality-artesca/internal/resources/workflow_replication/resource.go:192.126,195.33 3 0
github.com/scality/terraform-provider-scality-artesca/internal/resources/workflow_replication/resource.go:195.33,197.3 1 0
github.com/scality/terraform-provider-scality-artesca/internal/resources/workflow_replication/resource.go:199.2,201.33 3 0
github.com/scality/terraform-provider-scality-artesca/internal/resources/workflow_replication/resource.go:201.33,203.3 1 0
github.com/scality/terraform-provider-scality-artesca/internal/resources/workflow_replication/resource.go:205.2,215.16 8 0
github.com/scality/terraform-provider-scality-artesca/internal/resources/workflow_replication/resource.go:215.16,218.3 2 0
github.com/scality/terraform-provider-scality-artesca/internal/resources/workflow_replication/resource.go:220.2,222.56 3 0
github.com/scality/terraform-provider-scality-artesca/internal/resources/workflow_replication/resource.go:225.126,228.33 3 0
github.com/scality/terraform-provider-scality-artesca/internal/resources/workflow_replication/resource.go:228.33,230.3 1 0
github.com/scality/terraform-provider-scality-artesca/internal/resources/workflow_replication/resource.go:232.2,240.16 7 0
github.com/scality/terraform-provider-scality-artesca/internal/resources/workflow_replication/resource.go:240.16,243.3 2 0
github.com/scality/terraform-provider-scality-artesca/internal/resources/workflow_replication/resource.go:246.105,247.105 1 0
github.com/scality/terraform-provider-scality-artesca/internal/resources/workflow_replication/resource.go:247.105,249.3 1 0
github.com/scality/terraform-provider-scality-artesca/internal/resources/workflow_replication/resource.go:250.2,250.28 1 0
github.com/scality/terraform-provider-scality-artesca/internal/resources/workflow_replication/resource.go:255.95,262.25 2 0
github.com/scality/terraform-provider-scality-artesca/internal/resources/workflow_replication/resource.go:262.25,267.76 2 0
github.com/scality/terraform-provider-scality-artesca/internal/resources/workflow_replication/resource.go:267.76,269.4 1 0
github.com/scality/terraform-provider-scality-artesca/internal/resources/workflow_replication/resource.go:272.2,272.30 1 0
github.com/scality/terraform-provider-scality-artesca/internal/resources/workflow_replication/resource.go:272.30,274.90 2 0
github.com/scality/terraform-provider-scality-artesca/internal/resources/workflow_replication/resource.go:274.90,276.4 1 0
github.com/scality/terraform-provider-scality-artesca/internal/resources/workflow_replication/resource.go:277.3,277.86 1 0
github.com/scality/terraform-provider-scality-artesca/internal/resources/workflow_replication/resource.go:277.86,279.4 1 0
github.com/scality/terraform-provider-scality-artesca/internal/resources/workflow_replication/resource.go:280.3,280.112 1 0
github.com/scality/terraform-provider-scality-artesca/internal/resources/workflow_replication/resource.go:280.112,282.4 1 0
github.com/scality/terraform-provider-scality-artesca/internal/resources/workflow_replication/resource.go:283.3,283.78 1 0
github.com/scality/terraform-provider-scality-artesca/internal/resources/workflow_replication/resource.go:283.78,285.4 1 0
github.com/scality/terraform-provider-scality-artesca/internal/resources/workflow_replication/resource.go:286.3,286.51 1 0
github.com/scality/terraform-provider-scality-artesca/internal/resources/workflow_replication/resource.go:286.51,290.67 2 0
github.com/scality/terraform-provider-scality-artesca/internal/resources/workflow_replication/resource.go:290.67,292.5 1 0
github.com/scality/terraform-provider-scality-artesca/internal/resources/workflow_replication/resource.go:293.4,293.80 1 0
github.com/scality/terraform-provider-scality-artesca/internal/resources/workflow_replication/resource.go:297.2,297.15 1 0
github.com/scality/terraform-provider-scality-artesca/internal/resources/workflow_replication/resource.go:300.103,301.27 1 0
github.com/scality/terraform-provider-scality-artesca/internal/resources/workflow_replication/resource.go:301.27,303.3 1 0
github.com/scality/terraform-provider-scality-artesca/internal/resources/workflow_replication/resource.go:304.2,308.26 4 0
github.com/scality/terraform-provider-scality-artesca/internal/resources/workflow_replication/resource.go:308.26,313.35 2 0
github.com/scality/terraform-provider-scality-artesca/internal/resources/workflow_replication/resource.go:313.35,315.4 1 0
github.com/scality/terraform-provider-scality-artesca/internal/resources/workflow_replication/resource.go:315.9,317.4 1 0
github.com/scality/terraform-provider-scality-artesca/internal/resources/workflow_replication/resource.go:320.2,320.31 1 0
github.com/scality/terraform-provider-scality-artesca/internal/resources/workflow_replication/resource.go:320.31,322.42 2 0
github.com/scality/terraform-provider-scality-artesca/internal/resources/workflow_replication/resource.go:322.42,324.4 1 0
github.com/scality/terraform-provider-scality-artesca/internal/resources/workflow_replication/resource.go:324.9,326.4 1 0
github.com/scality/terraform-provider-scality-artesca/internal/resources/workflow_replication/resource.go:327.3,327.40 1 0
github.com/scality/terraform-provider-scality-artesca/internal/resources/workflow_replication/resource.go:327.40,329.4 1 0
github.com/scality/terraform-provider-scality-artesca/internal/resources/workflow_replication/resource.go:329.9,331.4 1 0
github.com/scality/terraform-provider-scality-artesca/internal/resources/workflow_replication/resource.go:332.3,332.53 1 0
github.com/scality/terraform-provider-scality-artesca/internal/resources/workflow_replication/resource.go:332.53,334.4 1 0
github.com/scality/terraform-provider-scality-artesca/internal/resources/workflow_replication/resource.go:334.9,336.4 1 0
github.com/scality/terraform-provider-scality-artesca/internal/resources/workflow_replication/resource.go:337.3,337.36 1 0
github.com/scality/terraform-provider-scality-artesca/internal/resources/workflow_replication/resource.go:337.36,339.4 1 0
github.com/scality/terraform-provider-scality-artesca/internal/resources/workflow_replication/resource.go:339.9,341.4 1 0
github.com/scality/terraform-provider-scality-artesca/internal/resources/workflow_replication/resource.go:342.3,342.44 1 0
github.com/scality/terraform-provider-scality-artesca/internal/resources/workflow_replication/resource.go:342.44,344.53 2 0
github.com/scality/terraform-provider-scality-artesca/internal/resources/workflow_replication/resource.go:344.53,348.31 2 0
github.com/scality/terraform-provider-scality-artesca/internal/resources/workflow_replication/resource.go:348.31,350.6 1 0
github.com/scality/terraform-provider-scality-artesca/internal/resources/workflow_replication/resource.go:350.11,352.6 1 0
github.com/scality/terraform-provider-scality-artesca/internal/resources/workflow_expiration/resource.go:22.56,24.2 1 0
github.com/scality/terraform-provider-scality-artesca/internal/resources/workflow_expiration/resource.go:26.129,28.2 1 0
github.com/scality/terraform-provider-scality-artesca/internal/resources/workflow_expiration/resource.go:30.121,122.2 1 0
github.com/scality/terraform-provider-scality-artesca/internal/resources/workflow_expiration/resource.go:124.132,125.29 1 0
github.com/scality/terraform-provider-scality-artesca/internal/resources/workflow_expiration/resource.go:125.29,127.3 1 0
github.com/scality/terraform-provider-scality-artesca/internal/resources/workflow_expiration/resource.go:128.2,129.9 2 0
github.com/scality/terraform-provider-scality-artesca/internal/resources/workflow_expiration/resource.go:129.9,135.3 2 0
github.com/scality/terraform-provider-scality-artesca/internal/resources/workflow_expiration/resource.go:136.2,136.36 1 0
github.com/scality/terraform-provider-scality-artesca/internal/resources/workflow_expiration/resource.go:139.125,142.33 3 0
github.com/scality/terraform-provider-scality-artesca/internal/resources/workflow_expiration/resource.go:142.33,144.3 1 0
github.com/scality/terraform-provider-scality-artesca/internal/resources/workflow_expiration/resource.go:146.2,158.16 7 0
github.com/scality/terraform-provider-scality-artesca/internal/resources/workflow_expiration/resource.go:158.16,161.3 2 0
github.com/scality/terraform-provider-scality-artesca/internal/resources/workflow_expiration/resource.go:163.2,165.56 3 0
github.com/scality/terraform-provider-scality-artesca/internal/resources/workflow_expiration/resource.go:168.119,171.33 3 0
github.com/scality/terraform-provider-scality-artesca/internal/resources/workflow_expiration/resource.go:171.33,173.3 1 0
github.com/scality/terraform-provider-scality-artesca/internal/resources/workflow_expiration/resource.go:177.2,177.57 1 0
github.com/scality/terraform-provider-scality-artesca/internal/resources/workflow_expiration/resource.go:180.125,183.33 3 0
github.com/scality/terraform-provider-scality-artesca/internal/resources/workflow_expiration/resource.go:183.33,185.3 1 0
github.com/scality/terraform-provider-scality-artesca/internal/resources/workflow_expiration/resource.go:187.2,189.33 3 0
github.com/scality/terraform-provider-scality-artesca/internal/resources/workflow_expiration/resource.go:189.33,191.3 1 0
github.com/scality/terraform-provider-scality-artesca/internal/resources/workflow_expiration/resource.go:193.2,203.16 8 0
github.com/scality/terraform-provider-scality-artesca/internal/resources/workflow_expiration/resource.go:203.16,206.3 2 0
github.com/scality/terraform-provider-scality-artesca/internal/resources/workflow_expiration/resource.go:208.2,210.56 3 0
github.com/scality/terraform-provider-scality-artesca/internal/resources/workflow_expiration/resource.go:213.125,216.33 3 0
github.com/scality/terraform-provider-scality-artesca/internal/resources/workflow_expiration/resource.go:216.33,218.3 1 0
github.com/scality/terraform-provider-scality-artesca/internal/resources/workflow_expiration/resource.go:220.2,228.16 7 0
github.com/scality/terraform-provider-scality-artesca/internal/resources/workflow_expiration/resource.go:228.16,231.3 2 0
github.com/scality/terraform-provider-scality-artesca/internal/resources/workflow_expiration/resource.go:234.103,235.105 1 0
github.com/scality/terraform-provider-scality-artesca/internal/resources/workflow_expiration/resource.go:235.105,237.3 1 0
github.com/scality/terraform-provider-scality-artesca/internal/resources/workflow_expiration/resource.go:238.2,238.28 1 0
github.com/scality/terraform-provider-scality-artesca/internal/resources/workflow_expiration/resource.go:243.100,250.53 2 0
github.com/scality/terraform-provider-scality-artesca/internal/resources/workflow_expiration/resource.go:250.53,252.3 1 0
github.com/scality/terraform-provider-scality-artesca/internal/resources/workflow_expiration/resource.go:253.2,253.105 1 0
github.com/scality/terraform-provider-scality-artesca/internal/resources/workflow_expiration/resource.go:253.105,255.3 1 0
github.com/scality/terraform-provider-scality-artesca/internal/resources/workflow_expiration/resource.go:256.2,256.105 1 0
github.com/scality/terraform-provider-scality-artesca/internal/resources/workflow_expiration/resource.go:256.105,259.3 2 0
github.com/scality/terraform-provider-scality-artesca/internal/resources/workflow_expiration/resource.go:260.2,260.97 1 0
github.com/scality/terraform-provider-scality-artesca/internal/resources/workflow_expiration/resource.go:260.97,263.3 2 0
github.com/scality/terraform-provider-scality-artesca/internal/resources/workflow_expiration/resource.go:264.2,264.127 1 0
github.com/scality/terraform-provider-scality-artesca/internal/resources/workflow_expiration/resource.go:264.127,267.3 2 0
github.com/scality/terraform-provider-scality-artesca/internal/resources/workflow_expiration/resource.go:268.2,268.107 1 0
github.com/scality/terraform-provider-scality-artesca/internal/resources/workflow_expiration/resource.go:268.107,271.3 2 0
github.com/scality/terraform-provider-scality-artesca/internal/resources/workflow_expiration/resource.go:273.2,273.25 1 0
github.com/scality/terraform-provider-scality-artesca/internal/resources/workflow_expiration/resource.go:273.25,275.90 2 0
github.com/scality/terraform-provider-scality-artesca/internal/resources/workflow_expiration/resource.go:275.90,277.4 1 0
github.com/scality/terraform-provider-scality-artesca/internal/resources/workflow_expiration/resource.go:278.3,278.47 1 0
github.com/scality/terraform-provider-scality-artesca/internal/resources/workflow_expiration/resource.go:278.47,283.4 1 0
github.com/scality/terraform-provider-scality-artesca/internal/resources/workflow_expiration/resource.go:286.2,286.11 1 0
github.com/scality/terraform-provider-scality-artesca/internal/resources/workflow_expiration/resource.go:289.104,290.25 1 0
github.com/scality/terraform-provider-scality-artesca/internal/resources/workflow_expiration/resource.go:290.25,292.3 1 0
github.com/scality/terraform-provider-scality-artesca/internal/resources/workflow_expiration/resource.go:293.2,293.19 1 0
github.com/scality/terraform-provider-scality-artesca/internal/resources/workflow_expiration/resource.go:293.19,295.3 1 0
github.com/scality/terraform-provider-scality-artesca/internal/resources/workflow_expiration/resource.go:296.2,299.45 3 0
github.com/scality/terraform-provider-scality-artesca/internal/resources/workflow_expiration/resource.go:299.45,301.3 1 0
github.com/scality/terraform-provider-scality-artesca/internal/resources/workflow_expiration/resource.go:302.2,302.46 1 0
github.com/scality/terraform-provider-scality-artesca/internal/resources/workflow_expiration/resource.go:302.46,304.3 1 0
github.com/scality/terraform-provider-scality-artesca/internal/resources/workflow_expiration/resource.go:305.2,305.42 1 0
github.com/scality/terraform-provider-scality-artesca/internal/resources/workflow_expiration/resource.go:305.42,307.3 1 0
github.com/scality/terraform-provider-scality-artesca/internal/resources/workflow_expiration/resource.go:308.2,308.57 1 0
github.com/scality/terraform-provider-scality-artesca/internal/resources/workflow_expiration/resource.go:308.57,310.3 1 0
github.com/scality/terraform-provider-scality-artesca/internal/resources/workflow_expiration/resource.go:311.2,311.47 1 0
github.com/scality/terraform-provider-scality-artesca/internal/resources/workflow_expiration/resource.go:311.47,313.3 1 0
github.com/scality/terraform-provider-scality-artesca/internal/resources/user_policy/resource.go:21.48,23.2 1 0
github.com/scality/terraform-provider-scality-artesca/internal/resources/user_policy/resource.go:25.121,27.2 1 0
github.com/scality/terraform-provider-scality-artesca/internal/resources/user_policy/resource.go:29.113,69.2 1 0
github.com/scality/terraform-provider-scality-artesca/internal/resources/user_policy/resource.go:71.124,72.29 1 0
github.com/scality/terraform-provider-scality-artesca/internal/resources/user_policy/resource.go:72.29,74.3 1 0
github.com/scality/terraform-provider-scality-artesca/internal/resources/user_policy/resource.go:76.2,77.9 2 0
github.com/scality/terraform-provider-scality-artesca/internal/resources/user_policy/resource.go:77.9,83.3 2 0
github.com/scality/terraform-provider-scality-artesca/internal/resources/user_policy/resource.go:84.2,84.32 1 0
github.com/scality/terraform-provider-scality-artesca/internal/resources/user_policy/resource.go:87.117,90.33 3 0
github.com/scality/terraform-provider-scality-artesca/internal/resources/user_policy/resource.go:90.33,92.3 1 0
github.com/scality/terraform-provider-scality-artesca/internal/resources/user_policy/resource.go:94.2,106.16 3 0
github.com/scality/terraform-provider-scality-artesca/internal/resources/user_policy/resource.go:106.16,109.3 2 0
github.com/scality/terraform-provider-scality-artesca/internal/resources/user_policy/resource.go:111.2,111.56 1 0
github.com/scality/terraform-provider-scality-artesca/internal/resources/user_policy/resource.go:114.111,117.33 3 0
github.com/scality/terraform-provider-scality-artesca/internal/resources/user_policy/resource.go:117.33,119.3 1 0
github.com/scality/terraform-provider-scality-artesca/internal/resources/user_policy/resource.go:121.2,127.16 2 0
github.com/scality/terraform-provider-scality-artesca/internal/resources/user_policy/resource.go:127.16,130.3 2 0
github.com/scality/terraform-provider-scality-artesca/internal/resources/user_policy/resource.go:131.2,131.21 1 0
github.com/scality/terraform-provider-scality-artesca/internal/resources/user_policy/resource.go:131.21,134.3 2 0
github.com/scality/terraform-provider-scality-artesca/internal/resources/user_policy/resource.go:137.2,137.57 1 0
github.com/scality/terraform-provider-scality-artesca/internal/resources/user_policy/resource.go:140.117,144.33 3 0
github.com/scality/terraform-provider-scality-artesca/internal/resources/user_policy/resource.go:144.33,146.3 1 0
github.com/scality/terraform-provider-scality-artesca/internal/resources/user_policy/resource.go:148.2,160.16 3 0
github.com/scality/terraform-provider-scality-artesca/internal/resources/user_policy/resource.go:160.16,163.3 2 0
github.com/scality/terraform-provider-scality-artesca/internal/resources/user_policy/resource.go:165.2,165.56 1 0
github.com/scality/terraform-provider-scality-artesca/internal/resources/user_policy/resource.go:168.117,171.33 3 0
github.com/scality/terraform-provider-scality-artesca/internal/resources/user_policy/resource.go:171.33,173.3 1 0
github.com/scality/terraform-provider-scality-artesca/internal/resources/user_policy/resource.go:175.2,186.16 3 0
github.com/scality/terraform-provider-scality-artesca/internal/resources/user_policy/resource.go:186.16,189.3 2 0
github.com/scality/terraform-provider-scality-artesca/internal/resources/workflow_transition/resource.go:22.56,24.2 1 0
github.com/scality/terraform-provider-scality-artesca/internal/resources/workflow_transition/resource.go:26.129,28.2 1 0
github.com/scality/terraform-provider-scality-artesca/internal/resources/workflow_transition/resource.go:30.121,118.2 1 0
github.com/scality/terraform-provider-scality-artesca/internal/resources/workflow_transition/resource.go:120.132,121.29 1 0
github.com/scality/terraform-provider-scality-artesca/internal/resources/workflow_transition/resource.go:121.29,123.3 1 0
github.com/scality/terraform-provider-scality-artesca/internal/resources/workflow_transition/resource.go:124.2,125.9 2 0
github.com/scality/terraform-provider-scality-artesca/internal/resources/workflow_transition/resource.go:125.9,131.3 2 0
github.com/scality/terraform-provider-scality-artesca/internal/resources/workflow_transition/resource.go:132.2,132.36 1 0
github.com/scality/terraform-provider-scality-artesca/internal/resources/workflow_transition/resource.go:135.125,138.33 3 0
github.com/scality/terraform-provider-scality-artesca/internal/resources/workflow_transition/resource.go:138.33,140.3 1 0
github.com/scality/terraform-provider-scality-artesca/internal/resources/workflow_transition/resource.go:142.2,154.16 7 0
github.com/scality/terraform-provider-scality-artesca/internal/resources/workflow_transition/resource.go:154.16,157.3 2 0
github.com/scality/terraform-provider-scality-artesca/internal/resources/workflow_transition/resource.go:159.2,161.56 3 0
github.com/scality/terraform-provider-scality-artesca/internal/resources/workflow_transition/resource.go:164.119,167.33 3 0
github.com/scality/terraform-provider-scality-artesca/internal/resources/workflow_transition/resource.go:167.33,169.3 1 0
github.com/scality/terraform-provider-scality-artesca/internal/resources/workflow_transition/resource.go:172.2,172.57 1 0
github.com/scality/terraform-provider-scality-artesca/internal/resources/workflow_transition/resource.go:175.125,178.33 3 0
github.com/scality/terraform-provider-scality-artesca/internal/resources/workflow_transition/resource.go:178.33,180.3 1 0
github.com/scality/terraform-provider-scality-artesca/internal/resources/workflow_transition/resource.go:182.2,184.33 3 0
github.com/scality/terraform-provider-scality-artesca/internal/resources/workflow_transition/resource.go:184.33,186.3 1 0
github.com/scality/terraform-provider-scality-artesca/internal/resources/workflow_transition/resource.go:188.2,198.16 8 0
github.com/scality/terraform-provider-scality-artesca/internal/resources/workflow_transition/resource.go:198.16,201.3 2 0
github.com/scality/terraform-provider-scality-artesca/internal/resources/workflow_transition/resource.go:203.2,205.56 3 0
github.com/scality/terraform-provider-scality-artesca/internal/resources/workflow_transition/resource.go:208.125,211.33 3 0
github.com/scality/terraform-provider-scality-artesca/internal/resources/workflow_transition/resource.go:211.33,213.3 1 0
github.com/scality/terraform-provider-scality-artesca/internal/resources/workflow_transition/resource.go:215.2,223.16 7 0
github.com/scality/terraform-provider-scality-artesca/internal/resources/workflow_transition/resource.go:223.16,226.3 2 0
github.com/scality/terraform-provider-scality-artesca/internal/resources/workflow_transition/resource.go:229.103,230.105 1 0
github.com/scality/terraform-provider-scality-artesca/internal/resources/workflow_transition/resource.go:230.105,232.3 1 0
github.com/scality/terraform-provider-scality-artesca/internal/resources/workflow_transition/resource.go:233.2,233.28 1 0
github.com/scality/terraform-provider-scality-artesca/internal/resources/workflow_transition/resource.go:238.100,247.53 2 0
github.com/scality/terraform-provider-scality-artesca/internal/resources/workflow_transition/resource.go:247.53,249.3 1 0
github.com/scality/terraform-provider-scality-artesca/internal/resources/workflow_transition/resource.go:250.2,250.77 1 0
github.com/scality/terraform-provider-scality-artesca/internal/resources/workflow_transition/resource.go:250.77,252.3 1 0
github.com/scality/terraform-provider-scality-artesca/internal/resources/workflow_transition/resource.go:253.2,253.77 1 0
github.com/scality/terraform-provider-scality-artesca/internal/resources/workflow_transition/resource.go:253.77,256.3 2 0
github.com/scality/terraform-provider-scality-artesca/internal/resources/workflow_transition/resource.go:258.2,258.25 1 0
github.com/scality/terraform-provider-scality-artesca/internal/resources/workflow_transition/resource.go:258.25,260.90 2 0
github.com/scality/terraform-provider-scality-artesca/internal/resources/workflow_transition/resource.go:260.90,262.4 1 0
github.com/scality/terraform-provider-scality-artesca/internal/resources/workflow_transition/resource.go:263.3,263.47 1 0
github.com/scality/terraform-provider-scality-artesca/internal/resources/workflow_transition/resource.go:263.47,268.4 1 0
github.com/scality/terraform-provider-scality-artesca/internal/resources/workflow_transition/resource.go:271.2,271.11 1 0
github.com/scality/terraform-provider-scality-artesca/internal/resources/workflow_transition/resource.go:274.104,275.25 1 0
github.com/scality/terraform-provider-scality-artesca/internal/resources/workflow_transition/resource.go:275.25,277.3 1 0
github.com/scality/terraform-provider-scality-artesca/internal/resources/workflow_transition/resource.go:278.2,278.19 1 0
github.com/scality/terraform-provider-scality-artesca/internal/resources/workflow_transition/resource.go:278.19,280.3 1 0
github.com/scality/terraform-provider-scality-artesca/internal/resources/workflow_transition/resource.go:281.2,286.31 5 0
github.com/scality/terraform-provider-scality-artesca/internal/resources/workflow_transition/resource.go:286.31,288.3 1 0
github.com/scality/terraform-provider-scality-artesca/internal/resources/workflow_transition/resource.go:289.2,289.32 1 0
github.com/scality/terraform-provider-scality-artesca/internal/resources/workflow_transition/resource.go:289.32,291.3 1 0
